{"C:\\Users\\hokuto-marui\\ledger-system-app\\src\\features\\context\\DataContext.tsx": {"path":"C:\\Users\\hokuto-marui\\ledger-system-app\\src\\features\\context\\DataContext.tsx","statementMap":{"0":{"start":{"line":3,"column":0},"end":{"line":3,"column":99}},"1":{"start":{"line":4,"column":0},"end":{"line":4,"column":46}},"2":{"start":{"line":6,"column":0},"end":{"line":6,"column":40}},"3":{"start":{"line":7,"column":0},"end":{"line":7,"column":69}},"4":{"start":{"line":8,"column":0},"end":{"line":8,"column":97}},"5":{"start":{"line":10,"column":0},"end":{"line":10,"column":42}},"6":{"start":{"line":11,"column":0},"end":{"line":11,"column":52}},"7":{"start":{"line":12,"column":0},"end":{"line":12,"column":49}},"8":{"start":{"line":13,"column":0},"end":{"line":13,"column":155}},"9":{"start":{"line":14,"column":0},"end":{"line":14,"column":null}},"10":{"start":{"line":21,"column":0},"end":{"line":21,"column":170}},"11":{"start":{"line":22,"column":0},"end":{"line":22,"column":null}},"12":{"start":{"line":26,"column":0},"end":{"line":26,"column":107}},"13":{"start":{"line":27,"column":0},"end":{"line":27,"column":82}},"14":{"start":{"line":28,"column":0},"end":{"line":28,"column":78}},"15":{"start":{"line":83,"column":20},"end":{"line":83,"column":73}},"16":{"start":{"line":87,"column":10},"end":{"line":87,"column":78}},"17":{"start":{"line":87,"column":24},"end":{"line":87,"column":78}},"18":{"start":{"line":89,"column":31},"end":{"line":104,"column":2}},"19":{"start":{"line":89,"column":52},"end":{"line":104,"column":2}},"20":{"start":{"line":89,"column":13},"end":{"line":89,"column":31}},"21":{"start":{"line":106,"column":22},"end":{"line":119,"column":2}},"22":{"start":{"line":106,"column":47},"end":{"line":119,"column":2}},"23":{"start":{"line":121,"column":31},"end":{"line":140,"column":2}},"24":{"start":{"line":121,"column":52},"end":{"line":140,"column":2}},"25":{"start":{"line":121,"column":13},"end":{"line":121,"column":31}},"26":{"start":{"line":142,"column":22},"end":{"line":159,"column":2}},"27":{"start":{"line":142,"column":47},"end":{"line":159,"column":2}},"28":{"start":{"line":161,"column":37},"end":{"line":178,"column":2}},"29":{"start":{"line":161,"column":64},"end":{"line":178,"column":2}},"30":{"start":{"line":161,"column":13},"end":{"line":161,"column":37}},"31":{"start":{"line":180,"column":28},"end":{"line":195,"column":2}},"32":{"start":{"line":180,"column":59},"end":{"line":195,"column":2}},"33":{"start":{"line":197,"column":31},"end":{"line":226,"column":2}},"34":{"start":{"line":197,"column":52},"end":{"line":226,"column":2}},"35":{"start":{"line":197,"column":13},"end":{"line":197,"column":31}},"36":{"start":{"line":228,"column":22},"end":{"line":254,"column":2}},"37":{"start":{"line":228,"column":47},"end":{"line":254,"column":2}},"38":{"start":{"line":256,"column":33},"end":{"line":285,"column":1}},"39":{"start":{"line":257,"column":25},"end":{"line":257,"column":38}},"40":{"start":{"line":258,"column":24},"end":{"line":258,"column":38}},"41":{"start":{"line":260,"column":24},"end":{"line":260,"column":101}},"42":{"start":{"line":261,"column":28},"end":{"line":261,"column":164}},"43":{"start":{"line":263,"column":4},"end":{"line":284,"column":6}},"44":{"start":{"line":256,"column":13},"end":{"line":256,"column":33}},"45":{"start":{"line":287,"column":24},"end":{"line":303,"column":2}},"46":{"start":{"line":287,"column":74},"end":{"line":303,"column":2}},"47":{"start":{"line":305,"column":29},"end":{"line":311,"column":2}},"48":{"start":{"line":305,"column":48},"end":{"line":311,"column":2}},"49":{"start":{"line":305,"column":13},"end":{"line":305,"column":29}},"50":{"start":{"line":313,"column":20},"end":{"line":317,"column":2}},"51":{"start":{"line":313,"column":43},"end":{"line":317,"column":2}},"52":{"start":{"line":319,"column":32},"end":{"line":342,"column":2}},"53":{"start":{"line":319,"column":54},"end":{"line":342,"column":2}},"54":{"start":{"line":319,"column":13},"end":{"line":319,"column":32}},"55":{"start":{"line":344,"column":23},"end":{"line":365,"column":2}},"56":{"start":{"line":344,"column":49},"end":{"line":365,"column":2}},"57":{"start":{"line":369,"column":47},"end":{"line":377,"column":2}},"58":{"start":{"line":379,"column":69},"end":{"line":1190,"column":1}},"59":{"start":{"line":380,"column":21},"end":{"line":380,"column":47}},"60":{"start":{"line":381,"column":34},"end":{"line":381,"column":56}},"61":{"start":{"line":382,"column":34},"end":{"line":382,"column":56}},"62":{"start":{"line":383,"column":46},"end":{"line":383,"column":74}},"63":{"start":{"line":384,"column":34},"end":{"line":384,"column":56}},"64":{"start":{"line":385,"column":38},"end":{"line":385,"column":62}},"65":{"start":{"line":386,"column":30},"end":{"line":386,"column":50}},"66":{"start":{"line":387,"column":38},"end":{"line":387,"column":61}},"67":{"start":{"line":388,"column":28},"end":{"line":388,"column":47}},"68":{"start":{"line":389,"column":38},"end":{"line":389,"column":53}},"69":{"start":{"line":390,"column":46},"end":{"line":390,"column":61}},"70":{"start":{"line":391,"column":42},"end":{"line":399,"column":6}},"71":{"start":{"line":400,"column":21},"end":{"line":400,"column":30}},"72":{"start":{"line":401,"column":40},"end":{"line":401,"column":50}},"73":{"start":{"line":402,"column":39},"end":{"line":402,"column":51}},"74":{"start":{"line":403,"column":21},"end":{"line":403,"column":34}},"75":{"start":{"line":404,"column":29},"end":{"line":404,"column":69}},"76":{"start":{"line":405,"column":25},"end":{"line":405,"column":42}},"77":{"start":{"line":406,"column":26},"end":{"line":406,"column":31}},"78":{"start":{"line":407,"column":24},"end":{"line":407,"column":36}},"79":{"start":{"line":408,"column":26},"end":{"line":408,"column":39}},"80":{"start":{"line":411,"column":25},"end":{"line":422,"column":29}},"81":{"start":{"line":412,"column":8},"end":{"line":412,"column":103}},"82":{"start":{"line":412,"column":96},"end":{"line":412,"column":103}},"83":{"start":{"line":413,"column":8},"end":{"line":413,"column":66}},"84":{"start":{"line":413,"column":31},"end":{"line":413,"column":64}},"85":{"start":{"line":414,"column":8},"end":{"line":421,"column":9}},"86":{"start":{"line":415,"column":25},"end":{"line":415,"column":51}},"87":{"start":{"line":416,"column":12},"end":{"line":416,"column":60}},"88":{"start":{"line":416,"column":22},"end":{"line":416,"column":60}},"89":{"start":{"line":417,"column":12},"end":{"line":417,"column":70}},"90":{"start":{"line":417,"column":35},"end":{"line":417,"column":68}},"91":{"start":{"line":419,"column":12},"end":{"line":419,"column":61}},"92":{"start":{"line":420,"column":12},"end":{"line":420,"column":68}},"93":{"start":{"line":420,"column":35},"end":{"line":420,"column":66}},"94":{"start":{"line":424,"column":25},"end":{"line":435,"column":29}},"95":{"start":{"line":425,"column":8},"end":{"line":425,"column":103}},"96":{"start":{"line":425,"column":96},"end":{"line":425,"column":103}},"97":{"start":{"line":426,"column":8},"end":{"line":426,"column":66}},"98":{"start":{"line":426,"column":31},"end":{"line":426,"column":64}},"99":{"start":{"line":427,"column":8},"end":{"line":434,"column":9}},"100":{"start":{"line":428,"column":25},"end":{"line":428,"column":51}},"101":{"start":{"line":429,"column":12},"end":{"line":429,"column":60}},"102":{"start":{"line":429,"column":22},"end":{"line":429,"column":60}},"103":{"start":{"line":430,"column":12},"end":{"line":430,"column":70}},"104":{"start":{"line":430,"column":35},"end":{"line":430,"column":68}},"105":{"start":{"line":432,"column":12},"end":{"line":432,"column":61}},"106":{"start":{"line":433,"column":12},"end":{"line":433,"column":68}},"107":{"start":{"line":433,"column":35},"end":{"line":433,"column":66}},"108":{"start":{"line":437,"column":31},"end":{"line":448,"column":35}},"109":{"start":{"line":438,"column":8},"end":{"line":438,"column":115}},"110":{"start":{"line":438,"column":108},"end":{"line":438,"column":115}},"111":{"start":{"line":439,"column":8},"end":{"line":439,"column":72}},"112":{"start":{"line":439,"column":31},"end":{"line":439,"column":70}},"113":{"start":{"line":440,"column":8},"end":{"line":447,"column":9}},"114":{"start":{"line":441,"column":25},"end":{"line":441,"column":57}},"115":{"start":{"line":442,"column":12},"end":{"line":442,"column":72}},"116":{"start":{"line":442,"column":22},"end":{"line":442,"column":72}},"117":{"start":{"line":443,"column":12},"end":{"line":443,"column":76}},"118":{"start":{"line":443,"column":35},"end":{"line":443,"column":74}},"119":{"start":{"line":445,"column":12},"end":{"line":445,"column":67}},"120":{"start":{"line":446,"column":12},"end":{"line":446,"column":74}},"121":{"start":{"line":446,"column":35},"end":{"line":446,"column":72}},"122":{"start":{"line":450,"column":25},"end":{"line":461,"column":29}},"123":{"start":{"line":451,"column":8},"end":{"line":451,"column":103}},"124":{"start":{"line":451,"column":96},"end":{"line":451,"column":103}},"125":{"start":{"line":452,"column":8},"end":{"line":452,"column":66}},"126":{"start":{"line":452,"column":31},"end":{"line":452,"column":64}},"127":{"start":{"line":453,"column":8},"end":{"line":460,"column":9}},"128":{"start":{"line":454,"column":25},"end":{"line":454,"column":51}},"129":{"start":{"line":455,"column":12},"end":{"line":455,"column":60}},"130":{"start":{"line":455,"column":22},"end":{"line":455,"column":60}},"131":{"start":{"line":456,"column":12},"end":{"line":456,"column":70}},"132":{"start":{"line":456,"column":35},"end":{"line":456,"column":68}},"133":{"start":{"line":458,"column":12},"end":{"line":458,"column":61}},"134":{"start":{"line":459,"column":12},"end":{"line":459,"column":68}},"135":{"start":{"line":459,"column":35},"end":{"line":459,"column":66}},"136":{"start":{"line":463,"column":27},"end":{"line":475,"column":31}},"137":{"start":{"line":464,"column":8},"end":{"line":464,"column":107}},"138":{"start":{"line":464,"column":100},"end":{"line":464,"column":107}},"139":{"start":{"line":465,"column":8},"end":{"line":465,"column":68}},"140":{"start":{"line":465,"column":31},"end":{"line":465,"column":66}},"141":{"start":{"line":466,"column":8},"end":{"line":474,"column":9}},"142":{"start":{"line":467,"column":25},"end":{"line":467,"column":53}},"143":{"start":{"line":468,"column":12},"end":{"line":468,"column":64}},"144":{"start":{"line":468,"column":22},"end":{"line":468,"column":64}},"145":{"start":{"line":469,"column":12},"end":{"line":469,"column":72}},"146":{"start":{"line":469,"column":35},"end":{"line":469,"column":70}},"147":{"start":{"line":471,"column":12},"end":{"line":471,"column":63}},"148":{"start":{"line":472,"column":12},"end":{"line":472,"column":70}},"149":{"start":{"line":472,"column":35},"end":{"line":472,"column":68}},"150":{"start":{"line":473,"column":12},"end":{"line":473,"column":24}},"151":{"start":{"line":477,"column":27},"end":{"line":488,"column":31}},"152":{"start":{"line":478,"column":8},"end":{"line":478,"column":107}},"153":{"start":{"line":478,"column":100},"end":{"line":478,"column":107}},"154":{"start":{"line":479,"column":8},"end":{"line":479,"column":68}},"155":{"start":{"line":479,"column":31},"end":{"line":479,"column":66}},"156":{"start":{"line":480,"column":8},"end":{"line":487,"column":9}},"157":{"start":{"line":481,"column":25},"end":{"line":481,"column":53}},"158":{"start":{"line":482,"column":12},"end":{"line":482,"column":63}},"159":{"start":{"line":482,"column":22},"end":{"line":482,"column":63}},"160":{"start":{"line":483,"column":12},"end":{"line":483,"column":72}},"161":{"start":{"line":483,"column":35},"end":{"line":483,"column":70}},"162":{"start":{"line":485,"column":12},"end":{"line":485,"column":63}},"163":{"start":{"line":486,"column":12},"end":{"line":486,"column":70}},"164":{"start":{"line":486,"column":35},"end":{"line":486,"column":68}},"165":{"start":{"line":490,"column":23},"end":{"line":501,"column":27}},"166":{"start":{"line":491,"column":8},"end":{"line":491,"column":99}},"167":{"start":{"line":491,"column":92},"end":{"line":491,"column":99}},"168":{"start":{"line":492,"column":8},"end":{"line":492,"column":64}},"169":{"start":{"line":492,"column":31},"end":{"line":492,"column":62}},"170":{"start":{"line":493,"column":8},"end":{"line":500,"column":9}},"171":{"start":{"line":494,"column":25},"end":{"line":494,"column":49}},"172":{"start":{"line":495,"column":12},"end":{"line":495,"column":56}},"173":{"start":{"line":495,"column":22},"end":{"line":495,"column":56}},"174":{"start":{"line":496,"column":12},"end":{"line":496,"column":68}},"175":{"start":{"line":496,"column":35},"end":{"line":496,"column":66}},"176":{"start":{"line":498,"column":12},"end":{"line":498,"column":59}},"177":{"start":{"line":499,"column":12},"end":{"line":499,"column":66}},"178":{"start":{"line":499,"column":35},"end":{"line":499,"column":64}},"179":{"start":{"line":503,"column":29},"end":{"line":539,"column":120}},"180":{"start":{"line":504,"column":8},"end":{"line":504,"column":51}},"181":{"start":{"line":504,"column":44},"end":{"line":504,"column":51}},"182":{"start":{"line":507,"column":8},"end":{"line":507,"column":56}},"183":{"start":{"line":507,"column":49},"end":{"line":507,"column":56}},"184":{"start":{"line":509,"column":20},"end":{"line":509,"column":30}},"185":{"start":{"line":510,"column":8},"end":{"line":510,"column":63}},"186":{"start":{"line":510,"column":56},"end":{"line":510,"column":63}},"187":{"start":{"line":511,"column":8},"end":{"line":511,"column":35}},"188":{"start":{"line":513,"column":8},"end":{"line":538,"column":9}},"189":{"start":{"line":514,"column":12},"end":{"line":514,"column":65}},"190":{"start":{"line":515,"column":35},"end":{"line":515,"column":64}},"191":{"start":{"line":516,"column":42},"end":{"line":516,"column":44}},"192":{"start":{"line":518,"column":12},"end":{"line":524,"column":15}},"193":{"start":{"line":519,"column":30},"end":{"line":519,"column":68}},"194":{"start":{"line":520,"column":16},"end":{"line":522,"column":17}},"195":{"start":{"line":521,"column":20},"end":{"line":521,"column":51}},"196":{"start":{"line":523,"column":16},"end":{"line":523,"column":64}},"197":{"start":{"line":526,"column":12},"end":{"line":535,"column":13}},"198":{"start":{"line":527,"column":16},"end":{"line":527,"column":76}},"199":{"start":{"line":528,"column":16},"end":{"line":528,"column":72}},"200":{"start":{"line":528,"column":53},"end":{"line":528,"column":72}},"201":{"start":{"line":529,"column":16},"end":{"line":529,"column":72}},"202":{"start":{"line":529,"column":53},"end":{"line":529,"column":72}},"203":{"start":{"line":530,"column":16},"end":{"line":530,"column":84}},"204":{"start":{"line":530,"column":59},"end":{"line":530,"column":84}},"205":{"start":{"line":531,"column":16},"end":{"line":531,"column":72}},"206":{"start":{"line":531,"column":53},"end":{"line":531,"column":72}},"207":{"start":{"line":532,"column":16},"end":{"line":532,"column":76}},"208":{"start":{"line":532,"column":55},"end":{"line":532,"column":76}},"209":{"start":{"line":533,"column":16},"end":{"line":533,"column":68}},"210":{"start":{"line":533,"column":51},"end":{"line":533,"column":68}},"211":{"start":{"line":534,"column":16},"end":{"line":534,"column":76}},"212":{"start":{"line":534,"column":55},"end":{"line":534,"column":76}},"213":{"start":{"line":537,"column":12},"end":{"line":537,"column":54}},"214":{"start":{"line":542,"column":4},"end":{"line":548,"column":37}},"215":{"start":{"line":543,"column":8},"end":{"line":546,"column":9}},"216":{"start":{"line":544,"column":12},"end":{"line":544,"column":40}},"217":{"start":{"line":545,"column":12},"end":{"line":545,"column":19}},"218":{"start":{"line":547,"column":8},"end":{"line":547,"column":27}},"219":{"start":{"line":550,"column":22},"end":{"line":588,"column":69}},"220":{"start":{"line":551,"column":8},"end":{"line":551,"column":42}},"221":{"start":{"line":551,"column":35},"end":{"line":551,"column":42}},"222":{"start":{"line":552,"column":8},"end":{"line":552,"column":37}},"223":{"start":{"line":554,"column":8},"end":{"line":587,"column":9}},"224":{"start":{"line":555,"column":28},"end":{"line":555,"column":64}},"225":{"start":{"line":558,"column":42},"end":{"line":563,"column":14}},"226":{"start":{"line":565,"column":27},"end":{"line":565,"column":51}},"227":{"start":{"line":568,"column":12},"end":{"line":572,"column":13}},"228":{"start":{"line":569,"column":16},"end":{"line":571,"column":19}},"229":{"start":{"line":570,"column":20},"end":{"line":570,"column":62}},"230":{"start":{"line":574,"column":12},"end":{"line":578,"column":13}},"231":{"start":{"line":575,"column":39},"end":{"line":575,"column":63}},"232":{"start":{"line":576,"column":32},"end":{"line":576,"column":98}},"233":{"start":{"line":577,"column":16},"end":{"line":577,"column":75}},"234":{"start":{"line":577,"column":29},"end":{"line":577,"column":75}},"235":{"start":{"line":580,"column":12},"end":{"line":580,"column":35}},"236":{"start":{"line":583,"column":12},"end":{"line":583,"column":58}},"237":{"start":{"line":584,"column":12},"end":{"line":584,"column":49}},"238":{"start":{"line":586,"column":12},"end":{"line":586,"column":42}},"239":{"start":{"line":590,"column":4},"end":{"line":594,"column":26}},"240":{"start":{"line":591,"column":8},"end":{"line":593,"column":9}},"241":{"start":{"line":592,"column":12},"end":{"line":592,"column":24}},"242":{"start":{"line":596,"column":25},"end":{"line":606,"column":114}},"243":{"start":{"line":597,"column":8},"end":{"line":605,"column":9}},"244":{"start":{"line":598,"column":28},"end":{"line":598,"column":53}},"245":{"start":{"line":598,"column":54},"end":{"line":598,"column":60}},"246":{"start":{"line":599,"column":28},"end":{"line":599,"column":53}},"247":{"start":{"line":599,"column":54},"end":{"line":599,"column":60}},"248":{"start":{"line":600,"column":34},"end":{"line":600,"column":65}},"249":{"start":{"line":600,"column":66},"end":{"line":600,"column":72}},"250":{"start":{"line":601,"column":28},"end":{"line":601,"column":53}},"251":{"start":{"line":601,"column":54},"end":{"line":601,"column":60}},"252":{"start":{"line":602,"column":30},"end":{"line":602,"column":57}},"253":{"start":{"line":602,"column":58},"end":{"line":602,"column":64}},"254":{"start":{"line":603,"column":26},"end":{"line":603,"column":49}},"255":{"start":{"line":603,"column":50},"end":{"line":603,"column":56}},"256":{"start":{"line":604,"column":30},"end":{"line":604,"column":57}},"257":{"start":{"line":604,"column":58},"end":{"line":604,"column":64}},"258":{"start":{"line":613,"column":28},"end":{"line":702,"column":42}},"259":{"start":{"line":615,"column":26},"end":{"line":615,"column":103}},"260":{"start":{"line":616,"column":25},"end":{"line":616,"column":42}},"261":{"start":{"line":618,"column":28},"end":{"line":618,"column":63}},"262":{"start":{"line":619,"column":27},"end":{"line":619,"column":64}},"263":{"start":{"line":620,"column":27},"end":{"line":620,"column":61}},"264":{"start":{"line":622,"column":8},"end":{"line":701,"column":9}},"265":{"start":{"line":623,"column":24},"end":{"line":623,"column":45}},"266":{"start":{"line":624,"column":30},"end":{"line":627,"column":66}},"267":{"start":{"line":629,"column":29},"end":{"line":629,"column":34}},"268":{"start":{"line":631,"column":12},"end":{"line":669,"column":13}},"269":{"start":{"line":632,"column":30},"end":{"line":632,"column":63}},"270":{"start":{"line":633,"column":35},"end":{"line":633,"column":66}},"271":{"start":{"line":634,"column":30},"end":{"line":634,"column":32}},"272":{"start":{"line":637,"column":16},"end":{"line":646,"column":17}},"273":{"start":{"line":638,"column":20},"end":{"line":643,"column":21}},"274":{"start":{"line":639,"column":39},"end":{"line":639,"column":61}},"275":{"start":{"line":640,"column":24},"end":{"line":640,"column":90}},"276":{"start":{"line":642,"column":24},"end":{"line":642,"column":45}},"277":{"start":{"line":645,"column":20},"end":{"line":645,"column":41}},"278":{"start":{"line":649,"column":30},"end":{"line":649,"column":75}},"279":{"start":{"line":650,"column":16},"end":{"line":668,"column":17}},"280":{"start":{"line":651,"column":34},"end":{"line":651,"column":49}},"281":{"start":{"line":652,"column":34},"end":{"line":652,"column":49}},"282":{"start":{"line":653,"column":61},"end":{"line":664,"column":22}},"283":{"start":{"line":665,"column":39},"end":{"line":665,"column":63}},"284":{"start":{"line":666,"column":20},"end":{"line":666,"column":78}},"285":{"start":{"line":667,"column":20},"end":{"line":667,"column":38}},"286":{"start":{"line":672,"column":16},"end":{"line":680,"column":null}},"287":{"start":{"line":684,"column":12},"end":{"line":691,"column":13}},"288":{"start":{"line":685,"column":16},"end":{"line":690,"column":19}},"289":{"start":{"line":693,"column":12},"end":{"line":693,"column":31}},"290":{"start":{"line":694,"column":12},"end":{"line":698,"column":13}},"291":{"start":{"line":695,"column":16},"end":{"line":695,"column":42}},"292":{"start":{"line":697,"column":16},"end":{"line":697,"column":36}},"293":{"start":{"line":699,"column":15},"end":{"line":701,"column":9}},"294":{"start":{"line":700,"column":12},"end":{"line":700,"column":72}},"295":{"start":{"line":705,"column":28},"end":{"line":726,"column":36}},"296":{"start":{"line":711,"column":8},"end":{"line":725,"column":9}},"297":{"start":{"line":712,"column":27},"end":{"line":712,"column":65}},"298":{"start":{"line":714,"column":12},"end":{"line":717,"column":13}},"299":{"start":{"line":715,"column":16},"end":{"line":715,"column":77}},"300":{"start":{"line":716,"column":16},"end":{"line":716,"column":23}},"301":{"start":{"line":719,"column":31},"end":{"line":719,"column":60}},"302":{"start":{"line":719,"column":55},"end":{"line":719,"column":59}},"303":{"start":{"line":720,"column":12},"end":{"line":720,"column":75}},"304":{"start":{"line":720,"column":29},"end":{"line":720,"column":73}},"305":{"start":{"line":720,"column":46},"end":{"line":720,"column":72}},"306":{"start":{"line":721,"column":12},"end":{"line":721,"column":65}},"307":{"start":{"line":723,"column":12},"end":{"line":723,"column":69}},"308":{"start":{"line":724,"column":12},"end":{"line":724,"column":55}},"309":{"start":{"line":728,"column":22},"end":{"line":743,"column":5}},"310":{"start":{"line":729,"column":8},"end":{"line":742,"column":9}},"311":{"start":{"line":730,"column":27},"end":{"line":730,"column":57}},"312":{"start":{"line":731,"column":12},"end":{"line":734,"column":13}},"313":{"start":{"line":732,"column":16},"end":{"line":732,"column":124}},"314":{"start":{"line":733,"column":16},"end":{"line":733,"column":46}},"315":{"start":{"line":735,"column":12},"end":{"line":735,"column":72}},"316":{"start":{"line":735,"column":31},"end":{"line":735,"column":70}},"317":{"start":{"line":736,"column":12},"end":{"line":736,"column":59}},"318":{"start":{"line":736,"column":28},"end":{"line":736,"column":59}},"319":{"start":{"line":738,"column":12},"end":{"line":740,"column":13}},"320":{"start":{"line":739,"column":16},"end":{"line":739,"column":106}},"321":{"start":{"line":741,"column":12},"end":{"line":741,"column":24}},"322":{"start":{"line":744,"column":25},"end":{"line":760,"column":5}},"323":{"start":{"line":745,"column":8},"end":{"line":759,"column":9}},"324":{"start":{"line":746,"column":36},"end":{"line":746,"column":40}},"325":{"start":{"line":746,"column":31},"end":{"line":746,"column":36}},"326":{"start":{"line":747,"column":27},"end":{"line":747,"column":75}},"327":{"start":{"line":748,"column":12},"end":{"line":751,"column":13}},"328":{"start":{"line":749,"column":16},"end":{"line":749,"column":122}},"329":{"start":{"line":750,"column":16},"end":{"line":750,"column":46}},"330":{"start":{"line":752,"column":12},"end":{"line":752,"column":99}},"331":{"start":{"line":752,"column":31},"end":{"line":752,"column":97}},"332":{"start":{"line":752,"column":45},"end":{"line":752,"column":96}},"333":{"start":{"line":753,"column":12},"end":{"line":753,"column":59}},"334":{"start":{"line":753,"column":28},"end":{"line":753,"column":59}},"335":{"start":{"line":755,"column":12},"end":{"line":757,"column":13}},"336":{"start":{"line":756,"column":16},"end":{"line":756,"column":104}},"337":{"start":{"line":758,"column":12},"end":{"line":758,"column":24}},"338":{"start":{"line":761,"column":25},"end":{"line":771,"column":5}},"339":{"start":{"line":762,"column":23},"end":{"line":762,"column":60}},"340":{"start":{"line":763,"column":8},"end":{"line":767,"column":9}},"341":{"start":{"line":764,"column":25},"end":{"line":764,"column":55}},"342":{"start":{"line":764,"column":43},"end":{"line":764,"column":54}},"343":{"start":{"line":765,"column":12},"end":{"line":765,"column":131}},"344":{"start":{"line":766,"column":12},"end":{"line":766,"column":42}},"345":{"start":{"line":768,"column":8},"end":{"line":768,"column":58}},"346":{"start":{"line":768,"column":27},"end":{"line":768,"column":56}},"347":{"start":{"line":768,"column":44},"end":{"line":768,"column":55}},"348":{"start":{"line":769,"column":8},"end":{"line":769,"column":55}},"349":{"start":{"line":769,"column":24},"end":{"line":769,"column":55}},"350":{"start":{"line":770,"column":8},"end":{"line":770,"column":22}},"351":{"start":{"line":773,"column":22},"end":{"line":788,"column":5}},"352":{"start":{"line":774,"column":8},"end":{"line":787,"column":9}},"353":{"start":{"line":775,"column":27},"end":{"line":775,"column":57}},"354":{"start":{"line":776,"column":12},"end":{"line":779,"column":13}},"355":{"start":{"line":777,"column":16},"end":{"line":777,"column":128}},"356":{"start":{"line":778,"column":16},"end":{"line":778,"column":46}},"357":{"start":{"line":780,"column":12},"end":{"line":780,"column":72}},"358":{"start":{"line":780,"column":31},"end":{"line":780,"column":70}},"359":{"start":{"line":781,"column":12},"end":{"line":781,"column":59}},"360":{"start":{"line":781,"column":28},"end":{"line":781,"column":59}},"361":{"start":{"line":783,"column":12},"end":{"line":785,"column":13}},"362":{"start":{"line":784,"column":16},"end":{"line":784,"column":79}},"363":{"start":{"line":786,"column":12},"end":{"line":786,"column":24}},"364":{"start":{"line":789,"column":25},"end":{"line":805,"column":5}},"365":{"start":{"line":790,"column":8},"end":{"line":804,"column":9}},"366":{"start":{"line":791,"column":36},"end":{"line":791,"column":40}},"367":{"start":{"line":791,"column":31},"end":{"line":791,"column":36}},"368":{"start":{"line":792,"column":27},"end":{"line":792,"column":75}},"369":{"start":{"line":793,"column":12},"end":{"line":796,"column":13}},"370":{"start":{"line":794,"column":16},"end":{"line":794,"column":126}},"371":{"start":{"line":795,"column":16},"end":{"line":795,"column":46}},"372":{"start":{"line":797,"column":12},"end":{"line":797,"column":99}},"373":{"start":{"line":797,"column":31},"end":{"line":797,"column":97}},"374":{"start":{"line":797,"column":45},"end":{"line":797,"column":96}},"375":{"start":{"line":798,"column":12},"end":{"line":798,"column":59}},"376":{"start":{"line":798,"column":28},"end":{"line":798,"column":59}},"377":{"start":{"line":800,"column":12},"end":{"line":802,"column":13}},"378":{"start":{"line":801,"column":16},"end":{"line":801,"column":79}},"379":{"start":{"line":803,"column":12},"end":{"line":803,"column":24}},"380":{"start":{"line":806,"column":25},"end":{"line":816,"column":5}},"381":{"start":{"line":807,"column":23},"end":{"line":807,"column":60}},"382":{"start":{"line":808,"column":8},"end":{"line":812,"column":9}},"383":{"start":{"line":809,"column":25},"end":{"line":809,"column":55}},"384":{"start":{"line":809,"column":43},"end":{"line":809,"column":54}},"385":{"start":{"line":810,"column":12},"end":{"line":810,"column":135}},"386":{"start":{"line":811,"column":12},"end":{"line":811,"column":42}},"387":{"start":{"line":813,"column":8},"end":{"line":813,"column":58}},"388":{"start":{"line":813,"column":27},"end":{"line":813,"column":56}},"389":{"start":{"line":813,"column":44},"end":{"line":813,"column":55}},"390":{"start":{"line":814,"column":8},"end":{"line":814,"column":55}},"391":{"start":{"line":814,"column":24},"end":{"line":814,"column":55}},"392":{"start":{"line":815,"column":8},"end":{"line":815,"column":22}},"393":{"start":{"line":818,"column":28},"end":{"line":833,"column":5}},"394":{"start":{"line":819,"column":8},"end":{"line":832,"column":9}},"395":{"start":{"line":820,"column":27},"end":{"line":820,"column":63}},"396":{"start":{"line":821,"column":12},"end":{"line":824,"column":13}},"397":{"start":{"line":822,"column":16},"end":{"line":822,"column":134}},"398":{"start":{"line":823,"column":16},"end":{"line":823,"column":46}},"399":{"start":{"line":825,"column":12},"end":{"line":825,"column":84}},"400":{"start":{"line":825,"column":37},"end":{"line":825,"column":82}},"401":{"start":{"line":826,"column":12},"end":{"line":826,"column":59}},"402":{"start":{"line":826,"column":28},"end":{"line":826,"column":59}},"403":{"start":{"line":828,"column":12},"end":{"line":830,"column":13}},"404":{"start":{"line":829,"column":16},"end":{"line":829,"column":116}},"405":{"start":{"line":831,"column":12},"end":{"line":831,"column":24}},"406":{"start":{"line":834,"column":31},"end":{"line":850,"column":5}},"407":{"start":{"line":835,"column":8},"end":{"line":849,"column":9}},"408":{"start":{"line":836,"column":36},"end":{"line":836,"column":40}},"409":{"start":{"line":836,"column":31},"end":{"line":836,"column":36}},"410":{"start":{"line":837,"column":27},"end":{"line":837,"column":81}},"411":{"start":{"line":838,"column":12},"end":{"line":841,"column":13}},"412":{"start":{"line":839,"column":16},"end":{"line":839,"column":132}},"413":{"start":{"line":840,"column":16},"end":{"line":840,"column":46}},"414":{"start":{"line":842,"column":12},"end":{"line":842,"column":111}},"415":{"start":{"line":842,"column":37},"end":{"line":842,"column":109}},"416":{"start":{"line":842,"column":51},"end":{"line":842,"column":108}},"417":{"start":{"line":843,"column":12},"end":{"line":843,"column":59}},"418":{"start":{"line":843,"column":28},"end":{"line":843,"column":59}},"419":{"start":{"line":845,"column":12},"end":{"line":847,"column":13}},"420":{"start":{"line":846,"column":16},"end":{"line":846,"column":114}},"421":{"start":{"line":848,"column":12},"end":{"line":848,"column":24}},"422":{"start":{"line":851,"column":31},"end":{"line":861,"column":5}},"423":{"start":{"line":852,"column":23},"end":{"line":852,"column":66}},"424":{"start":{"line":853,"column":8},"end":{"line":857,"column":9}},"425":{"start":{"line":854,"column":25},"end":{"line":854,"column":61}},"426":{"start":{"line":854,"column":49},"end":{"line":854,"column":60}},"427":{"start":{"line":855,"column":12},"end":{"line":855,"column":141}},"428":{"start":{"line":856,"column":12},"end":{"line":856,"column":42}},"429":{"start":{"line":858,"column":8},"end":{"line":858,"column":64}},"430":{"start":{"line":858,"column":33},"end":{"line":858,"column":62}},"431":{"start":{"line":858,"column":50},"end":{"line":858,"column":61}},"432":{"start":{"line":859,"column":8},"end":{"line":859,"column":55}},"433":{"start":{"line":859,"column":24},"end":{"line":859,"column":55}},"434":{"start":{"line":860,"column":8},"end":{"line":860,"column":22}},"435":{"start":{"line":863,"column":22},"end":{"line":878,"column":5}},"436":{"start":{"line":864,"column":8},"end":{"line":877,"column":9}},"437":{"start":{"line":865,"column":27},"end":{"line":865,"column":57}},"438":{"start":{"line":866,"column":12},"end":{"line":869,"column":13}},"439":{"start":{"line":867,"column":16},"end":{"line":867,"column":124}},"440":{"start":{"line":868,"column":16},"end":{"line":868,"column":46}},"441":{"start":{"line":870,"column":12},"end":{"line":870,"column":72}},"442":{"start":{"line":870,"column":31},"end":{"line":870,"column":70}},"443":{"start":{"line":871,"column":12},"end":{"line":871,"column":59}},"444":{"start":{"line":871,"column":28},"end":{"line":871,"column":59}},"445":{"start":{"line":873,"column":12},"end":{"line":875,"column":13}},"446":{"start":{"line":874,"column":16},"end":{"line":874,"column":106}},"447":{"start":{"line":876,"column":12},"end":{"line":876,"column":24}},"448":{"start":{"line":879,"column":25},"end":{"line":895,"column":5}},"449":{"start":{"line":880,"column":8},"end":{"line":894,"column":9}},"450":{"start":{"line":881,"column":36},"end":{"line":881,"column":40}},"451":{"start":{"line":881,"column":31},"end":{"line":881,"column":36}},"452":{"start":{"line":882,"column":27},"end":{"line":882,"column":75}},"453":{"start":{"line":883,"column":12},"end":{"line":886,"column":13}},"454":{"start":{"line":884,"column":16},"end":{"line":884,"column":122}},"455":{"start":{"line":885,"column":16},"end":{"line":885,"column":46}},"456":{"start":{"line":887,"column":12},"end":{"line":887,"column":99}},"457":{"start":{"line":887,"column":31},"end":{"line":887,"column":97}},"458":{"start":{"line":887,"column":45},"end":{"line":887,"column":96}},"459":{"start":{"line":888,"column":12},"end":{"line":888,"column":59}},"460":{"start":{"line":888,"column":28},"end":{"line":888,"column":59}},"461":{"start":{"line":890,"column":12},"end":{"line":892,"column":13}},"462":{"start":{"line":891,"column":16},"end":{"line":891,"column":104}},"463":{"start":{"line":893,"column":12},"end":{"line":893,"column":24}},"464":{"start":{"line":896,"column":25},"end":{"line":906,"column":5}},"465":{"start":{"line":897,"column":23},"end":{"line":897,"column":60}},"466":{"start":{"line":898,"column":8},"end":{"line":902,"column":9}},"467":{"start":{"line":899,"column":25},"end":{"line":899,"column":55}},"468":{"start":{"line":899,"column":43},"end":{"line":899,"column":54}},"469":{"start":{"line":900,"column":12},"end":{"line":900,"column":131}},"470":{"start":{"line":901,"column":12},"end":{"line":901,"column":42}},"471":{"start":{"line":903,"column":8},"end":{"line":903,"column":58}},"472":{"start":{"line":903,"column":27},"end":{"line":903,"column":56}},"473":{"start":{"line":903,"column":44},"end":{"line":903,"column":55}},"474":{"start":{"line":904,"column":8},"end":{"line":904,"column":55}},"475":{"start":{"line":904,"column":24},"end":{"line":904,"column":55}},"476":{"start":{"line":905,"column":8},"end":{"line":905,"column":22}},"477":{"start":{"line":909,"column":24},"end":{"line":942,"column":5}},"478":{"start":{"line":910,"column":8},"end":{"line":941,"column":9}},"479":{"start":{"line":912,"column":29},"end":{"line":916,"column":14}},"480":{"start":{"line":918,"column":12},"end":{"line":921,"column":13}},"481":{"start":{"line":919,"column":34},"end":{"line":919,"column":55}},"482":{"start":{"line":920,"column":16},"end":{"line":920,"column":74}},"483":{"start":{"line":923,"column":31},"end":{"line":923,"column":52}},"484":{"start":{"line":924,"column":12},"end":{"line":926,"column":13}},"485":{"start":{"line":925,"column":17},"end":{"line":925,"column":58}},"486":{"start":{"line":929,"column":27},"end":{"line":929,"column":59}},"487":{"start":{"line":930,"column":12},"end":{"line":933,"column":13}},"488":{"start":{"line":931,"column":16},"end":{"line":931,"column":131}},"489":{"start":{"line":932,"column":16},"end":{"line":932,"column":46}},"490":{"start":{"line":934,"column":12},"end":{"line":934,"column":76}},"491":{"start":{"line":934,"column":33},"end":{"line":934,"column":74}},"492":{"start":{"line":935,"column":12},"end":{"line":935,"column":59}},"493":{"start":{"line":935,"column":28},"end":{"line":935,"column":59}},"494":{"start":{"line":937,"column":12},"end":{"line":939,"column":13}},"495":{"start":{"line":938,"column":16},"end":{"line":938,"column":113}},"496":{"start":{"line":940,"column":12},"end":{"line":940,"column":24}},"497":{"start":{"line":943,"column":27},"end":{"line":958,"column":5}},"498":{"start":{"line":944,"column":8},"end":{"line":957,"column":9}},"499":{"start":{"line":945,"column":27},"end":{"line":945,"column":68}},"500":{"start":{"line":946,"column":12},"end":{"line":949,"column":13}},"501":{"start":{"line":947,"column":16},"end":{"line":947,"column":129}},"502":{"start":{"line":948,"column":16},"end":{"line":948,"column":46}},"503":{"start":{"line":950,"column":12},"end":{"line":950,"column":103}},"504":{"start":{"line":950,"column":33},"end":{"line":950,"column":101}},"505":{"start":{"line":950,"column":47},"end":{"line":950,"column":100}},"506":{"start":{"line":951,"column":12},"end":{"line":951,"column":59}},"507":{"start":{"line":951,"column":28},"end":{"line":951,"column":59}},"508":{"start":{"line":953,"column":12},"end":{"line":955,"column":13}},"509":{"start":{"line":954,"column":16},"end":{"line":954,"column":111}},"510":{"start":{"line":956,"column":12},"end":{"line":956,"column":24}},"511":{"start":{"line":959,"column":27},"end":{"line":988,"column":5}},"512":{"start":{"line":960,"column":8},"end":{"line":977,"column":9}},"513":{"start":{"line":961,"column":12},"end":{"line":976,"column":13}},"514":{"start":{"line":962,"column":31},"end":{"line":962,"column":67}},"515":{"start":{"line":963,"column":16},"end":{"line":970,"column":17}},"516":{"start":{"line":964,"column":20},"end":{"line":964,"column":72}},"517":{"start":{"line":964,"column":41},"end":{"line":964,"column":70}},"518":{"start":{"line":964,"column":58},"end":{"line":964,"column":69}},"519":{"start":{"line":965,"column":20},"end":{"line":965,"column":75}},"520":{"start":{"line":965,"column":36},"end":{"line":965,"column":75}},"521":{"start":{"line":966,"column":20},"end":{"line":966,"column":45}},"522":{"start":{"line":968,"column":20},"end":{"line":968,"column":90}},"523":{"start":{"line":968,"column":36},"end":{"line":968,"column":90}},"524":{"start":{"line":969,"column":20},"end":{"line":969,"column":50}},"525":{"start":{"line":972,"column":16},"end":{"line":974,"column":17}},"526":{"start":{"line":973,"column":20},"end":{"line":973,"column":76}},"527":{"start":{"line":975,"column":16},"end":{"line":975,"column":28}},"528":{"start":{"line":979,"column":23},"end":{"line":979,"column":62}},"529":{"start":{"line":980,"column":8},"end":{"line":984,"column":9}},"530":{"start":{"line":981,"column":25},"end":{"line":981,"column":57}},"531":{"start":{"line":981,"column":45},"end":{"line":981,"column":56}},"532":{"start":{"line":982,"column":12},"end":{"line":982,"column":139}},"533":{"start":{"line":983,"column":12},"end":{"line":983,"column":42}},"534":{"start":{"line":985,"column":8},"end":{"line":985,"column":60}},"535":{"start":{"line":985,"column":29},"end":{"line":985,"column":58}},"536":{"start":{"line":985,"column":46},"end":{"line":985,"column":57}},"537":{"start":{"line":986,"column":8},"end":{"line":986,"column":55}},"538":{"start":{"line":986,"column":24},"end":{"line":986,"column":55}},"539":{"start":{"line":987,"column":8},"end":{"line":987,"column":22}},"540":{"start":{"line":990,"column":20},"end":{"line":1005,"column":5}},"541":{"start":{"line":991,"column":8},"end":{"line":1004,"column":9}},"542":{"start":{"line":992,"column":27},"end":{"line":992,"column":55}},"543":{"start":{"line":993,"column":12},"end":{"line":996,"column":13}},"544":{"start":{"line":994,"column":16},"end":{"line":994,"column":118}},"545":{"start":{"line":995,"column":16},"end":{"line":995,"column":46}},"546":{"start":{"line":997,"column":12},"end":{"line":997,"column":68}},"547":{"start":{"line":997,"column":29},"end":{"line":997,"column":66}},"548":{"start":{"line":998,"column":12},"end":{"line":998,"column":59}},"549":{"start":{"line":998,"column":28},"end":{"line":998,"column":59}},"550":{"start":{"line":1000,"column":12},"end":{"line":1002,"column":13}},"551":{"start":{"line":1001,"column":16},"end":{"line":1001,"column":100}},"552":{"start":{"line":1003,"column":12},"end":{"line":1003,"column":24}},"553":{"start":{"line":1006,"column":23},"end":{"line":1021,"column":5}},"554":{"start":{"line":1007,"column":8},"end":{"line":1020,"column":9}},"555":{"start":{"line":1008,"column":27},"end":{"line":1008,"column":84}},"556":{"start":{"line":1009,"column":12},"end":{"line":1012,"column":13}},"557":{"start":{"line":1010,"column":16},"end":{"line":1010,"column":116}},"558":{"start":{"line":1011,"column":16},"end":{"line":1011,"column":46}},"559":{"start":{"line":1013,"column":12},"end":{"line":1013,"column":95}},"560":{"start":{"line":1013,"column":29},"end":{"line":1013,"column":93}},"561":{"start":{"line":1013,"column":43},"end":{"line":1013,"column":92}},"562":{"start":{"line":1014,"column":12},"end":{"line":1014,"column":59}},"563":{"start":{"line":1014,"column":28},"end":{"line":1014,"column":59}},"564":{"start":{"line":1016,"column":12},"end":{"line":1018,"column":13}},"565":{"start":{"line":1017,"column":16},"end":{"line":1017,"column":98}},"566":{"start":{"line":1019,"column":12},"end":{"line":1019,"column":24}},"567":{"start":{"line":1022,"column":23},"end":{"line":1032,"column":5}},"568":{"start":{"line":1023,"column":23},"end":{"line":1023,"column":58}},"569":{"start":{"line":1024,"column":8},"end":{"line":1028,"column":9}},"570":{"start":{"line":1025,"column":25},"end":{"line":1025,"column":53}},"571":{"start":{"line":1025,"column":41},"end":{"line":1025,"column":52}},"572":{"start":{"line":1026,"column":12},"end":{"line":1026,"column":125}},"573":{"start":{"line":1027,"column":12},"end":{"line":1027,"column":42}},"574":{"start":{"line":1029,"column":8},"end":{"line":1029,"column":56}},"575":{"start":{"line":1029,"column":25},"end":{"line":1029,"column":54}},"576":{"start":{"line":1029,"column":42},"end":{"line":1029,"column":53}},"577":{"start":{"line":1030,"column":8},"end":{"line":1030,"column":55}},"578":{"start":{"line":1030,"column":24},"end":{"line":1030,"column":55}},"579":{"start":{"line":1031,"column":8},"end":{"line":1031,"column":22}},"580":{"start":{"line":1034,"column":23},"end":{"line":1049,"column":5}},"581":{"start":{"line":1035,"column":8},"end":{"line":1048,"column":9}},"582":{"start":{"line":1036,"column":27},"end":{"line":1036,"column":58}},"583":{"start":{"line":1037,"column":12},"end":{"line":1040,"column":13}},"584":{"start":{"line":1038,"column":16},"end":{"line":1038,"column":125}},"585":{"start":{"line":1039,"column":16},"end":{"line":1039,"column":46}},"586":{"start":{"line":1041,"column":12},"end":{"line":1041,"column":75}},"587":{"start":{"line":1041,"column":33},"end":{"line":1041,"column":73}},"588":{"start":{"line":1042,"column":12},"end":{"line":1042,"column":59}},"589":{"start":{"line":1042,"column":28},"end":{"line":1042,"column":59}},"590":{"start":{"line":1044,"column":12},"end":{"line":1046,"column":13}},"591":{"start":{"line":1045,"column":16},"end":{"line":1045,"column":107}},"592":{"start":{"line":1047,"column":12},"end":{"line":1047,"column":24}},"593":{"start":{"line":1050,"column":26},"end":{"line":1065,"column":5}},"594":{"start":{"line":1051,"column":8},"end":{"line":1064,"column":9}},"595":{"start":{"line":1052,"column":27},"end":{"line":1052,"column":81}},"596":{"start":{"line":1053,"column":12},"end":{"line":1056,"column":13}},"597":{"start":{"line":1054,"column":16},"end":{"line":1054,"column":123}},"598":{"start":{"line":1055,"column":16},"end":{"line":1055,"column":46}},"599":{"start":{"line":1057,"column":12},"end":{"line":1057,"column":102}},"600":{"start":{"line":1057,"column":33},"end":{"line":1057,"column":100}},"601":{"start":{"line":1057,"column":47},"end":{"line":1057,"column":99}},"602":{"start":{"line":1058,"column":12},"end":{"line":1058,"column":59}},"603":{"start":{"line":1058,"column":28},"end":{"line":1058,"column":59}},"604":{"start":{"line":1060,"column":12},"end":{"line":1062,"column":13}},"605":{"start":{"line":1061,"column":16},"end":{"line":1061,"column":105}},"606":{"start":{"line":1063,"column":12},"end":{"line":1063,"column":24}},"607":{"start":{"line":1066,"column":26},"end":{"line":1076,"column":5}},"608":{"start":{"line":1067,"column":23},"end":{"line":1067,"column":61}},"609":{"start":{"line":1068,"column":8},"end":{"line":1072,"column":9}},"610":{"start":{"line":1069,"column":25},"end":{"line":1069,"column":57}},"611":{"start":{"line":1069,"column":45},"end":{"line":1069,"column":56}},"612":{"start":{"line":1070,"column":12},"end":{"line":1070,"column":132}},"613":{"start":{"line":1071,"column":12},"end":{"line":1071,"column":42}},"614":{"start":{"line":1073,"column":8},"end":{"line":1073,"column":60}},"615":{"start":{"line":1073,"column":29},"end":{"line":1073,"column":58}},"616":{"start":{"line":1073,"column":46},"end":{"line":1073,"column":57}},"617":{"start":{"line":1074,"column":8},"end":{"line":1074,"column":55}},"618":{"start":{"line":1074,"column":24},"end":{"line":1074,"column":55}},"619":{"start":{"line":1075,"column":8},"end":{"line":1075,"column":22}},"620":{"start":{"line":1078,"column":30},"end":{"line":1081,"column":5}},"621":{"start":{"line":1079,"column":22},"end":{"line":1079,"column":106}},"622":{"start":{"line":1079,"column":42},"end":{"line":1079,"column":60}},"623":{"start":{"line":1079,"column":72},"end":{"line":1079,"column":104}},"624":{"start":{"line":1080,"column":8},"end":{"line":1080,"column":85}},"625":{"start":{"line":1082,"column":36},"end":{"line":1085,"column":5}},"626":{"start":{"line":1083,"column":22},"end":{"line":1083,"column":112}},"627":{"start":{"line":1083,"column":48},"end":{"line":1083,"column":66}},"628":{"start":{"line":1083,"column":78},"end":{"line":1083,"column":110}},"629":{"start":{"line":1084,"column":8},"end":{"line":1084,"column":103}},"630":{"start":{"line":1086,"column":30},"end":{"line":1089,"column":5}},"631":{"start":{"line":1087,"column":22},"end":{"line":1087,"column":106}},"632":{"start":{"line":1087,"column":42},"end":{"line":1087,"column":60}},"633":{"start":{"line":1087,"column":72},"end":{"line":1087,"column":104}},"634":{"start":{"line":1088,"column":8},"end":{"line":1088,"column":85}},"635":{"start":{"line":1090,"column":30},"end":{"line":1093,"column":5}},"636":{"start":{"line":1091,"column":22},"end":{"line":1091,"column":106}},"637":{"start":{"line":1091,"column":42},"end":{"line":1091,"column":60}},"638":{"start":{"line":1091,"column":72},"end":{"line":1091,"column":104}},"639":{"start":{"line":1092,"column":8},"end":{"line":1092,"column":85}},"640":{"start":{"line":1094,"column":32},"end":{"line":1122,"column":5}},"641":{"start":{"line":1095,"column":8},"end":{"line":1108,"column":9}},"642":{"start":{"line":1096,"column":12},"end":{"line":1106,"column":13}},"643":{"start":{"line":1097,"column":31},"end":{"line":1097,"column":73}},"644":{"start":{"line":1098,"column":16},"end":{"line":1103,"column":17}},"645":{"start":{"line":1099,"column":20},"end":{"line":1099,"column":80}},"646":{"start":{"line":1099,"column":41},"end":{"line":1099,"column":78}},"647":{"start":{"line":1099,"column":58},"end":{"line":1099,"column":77}},"648":{"start":{"line":1100,"column":20},"end":{"line":1100,"column":74}},"649":{"start":{"line":1102,"column":20},"end":{"line":1102,"column":76}},"650":{"start":{"line":1105,"column":16},"end":{"line":1105,"column":74}},"651":{"start":{"line":1107,"column":12},"end":{"line":1107,"column":19}},"652":{"start":{"line":1110,"column":8},"end":{"line":1121,"column":9}},"653":{"start":{"line":1111,"column":27},"end":{"line":1111,"column":70}},"654":{"start":{"line":1112,"column":12},"end":{"line":1115,"column":13}},"655":{"start":{"line":1113,"column":16},"end":{"line":1113,"column":83}},"656":{"start":{"line":1114,"column":16},"end":{"line":1114,"column":23}},"657":{"start":{"line":1116,"column":12},"end":{"line":1116,"column":72}},"658":{"start":{"line":1116,"column":33},"end":{"line":1116,"column":70}},"659":{"start":{"line":1116,"column":50},"end":{"line":1116,"column":69}},"660":{"start":{"line":1117,"column":12},"end":{"line":1117,"column":58}},"661":{"start":{"line":1119,"column":12},"end":{"line":1119,"column":70}},"662":{"start":{"line":1120,"column":12},"end":{"line":1120,"column":61}},"663":{"start":{"line":1123,"column":28},"end":{"line":1126,"column":5}},"664":{"start":{"line":1124,"column":22},"end":{"line":1124,"column":104}},"665":{"start":{"line":1124,"column":40},"end":{"line":1124,"column":58}},"666":{"start":{"line":1124,"column":70},"end":{"line":1124,"column":102}},"667":{"start":{"line":1125,"column":8},"end":{"line":1125,"column":79}},"668":{"start":{"line":1127,"column":32},"end":{"line":1130,"column":5}},"669":{"start":{"line":1128,"column":22},"end":{"line":1128,"column":108}},"670":{"start":{"line":1128,"column":44},"end":{"line":1128,"column":62}},"671":{"start":{"line":1128,"column":74},"end":{"line":1128,"column":106}},"672":{"start":{"line":1129,"column":8},"end":{"line":1129,"column":91}},"673":{"start":{"line":1132,"column":26},"end":{"line":1139,"column":10}},"674":{"start":{"line":1133,"column":8},"end":{"line":1138,"column":9}},"675":{"start":{"line":1134,"column":25},"end":{"line":1134,"column":71}},"676":{"start":{"line":1135,"column":12},"end":{"line":1135,"column":65}},"677":{"start":{"line":1135,"column":22},"end":{"line":1135,"column":65}},"678":{"start":{"line":1137,"column":12},"end":{"line":1137,"column":71}},"679":{"start":{"line":1141,"column":28},"end":{"line":1148,"column":10}},"680":{"start":{"line":1142,"column":8},"end":{"line":1147,"column":9}},"681":{"start":{"line":1143,"column":12},"end":{"line":1143,"column":49}},"682":{"start":{"line":1145,"column":12},"end":{"line":1145,"column":66}},"683":{"start":{"line":1146,"column":12},"end":{"line":1146,"column":24}},"684":{"start":{"line":1150,"column":4},"end":{"line":1189,"column":6}},"685":{"start":{"line":1165,"column":45},"end":{"line":1165,"column":85}},"686":{"start":{"line":1165,"column":72},"end":{"line":1165,"column":83}},"687":{"start":{"line":1166,"column":44},"end":{"line":1166,"column":91}},"688":{"start":{"line":1166,"column":71},"end":{"line":1166,"column":89}},"689":{"start":{"line":379,"column":13},"end":{"line":379,"column":69}},"690":{"start":{"line":1192,"column":23},"end":{"line":1198,"column":1}},"691":{"start":{"line":1193,"column":20},"end":{"line":1193,"column":43}},"692":{"start":{"line":1194,"column":4},"end":{"line":1196,"column":5}},"693":{"start":{"line":1195,"column":8},"end":{"line":1195,"column":70}},"694":{"start":{"line":1197,"column":4},"end":{"line":1197,"column":19}},"695":{"start":{"line":1192,"column":13},"end":{"line":1192,"column":23}}},"fnMap":{"0":{"name":"(anonymous_10)","decl":{"start":{"line":87,"column":10},"end":{"line":87,"column":11}},"loc":{"start":{"line":87,"column":24},"end":{"line":87,"column":78}}},"1":{"name":"(anonymous_11)","decl":{"start":{"line":89,"column":31},"end":{"line":89,"column":32}},"loc":{"start":{"line":89,"column":52},"end":{"line":104,"column":2}}},"2":{"name":"(anonymous_12)","decl":{"start":{"line":106,"column":22},"end":{"line":106,"column":23}},"loc":{"start":{"line":106,"column":47},"end":{"line":119,"column":2}}},"3":{"name":"(anonymous_13)","decl":{"start":{"line":121,"column":31},"end":{"line":121,"column":32}},"loc":{"start":{"line":121,"column":52},"end":{"line":140,"column":2}}},"4":{"name":"(anonymous_14)","decl":{"start":{"line":142,"column":22},"end":{"line":142,"column":23}},"loc":{"start":{"line":142,"column":47},"end":{"line":159,"column":2}}},"5":{"name":"(anonymous_15)","decl":{"start":{"line":161,"column":37},"end":{"line":161,"column":38}},"loc":{"start":{"line":161,"column":64},"end":{"line":178,"column":2}}},"6":{"name":"(anonymous_16)","decl":{"start":{"line":180,"column":28},"end":{"line":180,"column":29}},"loc":{"start":{"line":180,"column":59},"end":{"line":195,"column":2}}},"7":{"name":"(anonymous_17)","decl":{"start":{"line":197,"column":31},"end":{"line":197,"column":32}},"loc":{"start":{"line":197,"column":52},"end":{"line":226,"column":2}}},"8":{"name":"(anonymous_18)","decl":{"start":{"line":228,"column":22},"end":{"line":228,"column":23}},"loc":{"start":{"line":228,"column":47},"end":{"line":254,"column":2}}},"9":{"name":"(anonymous_19)","decl":{"start":{"line":256,"column":33},"end":{"line":256,"column":34}},"loc":{"start":{"line":256,"column":54},"end":{"line":285,"column":1}}},"10":{"name":"(anonymous_20)","decl":{"start":{"line":287,"column":24},"end":{"line":287,"column":25}},"loc":{"start":{"line":287,"column":74},"end":{"line":303,"column":2}}},"11":{"name":"(anonymous_21)","decl":{"start":{"line":305,"column":29},"end":{"line":305,"column":30}},"loc":{"start":{"line":305,"column":48},"end":{"line":311,"column":2}}},"12":{"name":"(anonymous_22)","decl":{"start":{"line":313,"column":20},"end":{"line":313,"column":21}},"loc":{"start":{"line":313,"column":43},"end":{"line":317,"column":2}}},"13":{"name":"(anonymous_23)","decl":{"start":{"line":319,"column":32},"end":{"line":319,"column":33}},"loc":{"start":{"line":319,"column":54},"end":{"line":342,"column":2}}},"14":{"name":"(anonymous_24)","decl":{"start":{"line":344,"column":23},"end":{"line":344,"column":24}},"loc":{"start":{"line":344,"column":49},"end":{"line":365,"column":2}}},"15":{"name":"(anonymous_25)","decl":{"start":{"line":379,"column":69},"end":{"line":379,"column":70}},"loc":{"start":{"line":379,"column":86},"end":{"line":1190,"column":1}}},"16":{"name":"(anonymous_26)","decl":{"start":{"line":411,"column":37},"end":{"line":411,"column":42}},"loc":{"start":{"line":411,"column":70},"end":{"line":422,"column":5}}},"17":{"name":"(anonymous_27)","decl":{"start":{"line":413,"column":23},"end":{"line":413,"column":27}},"loc":{"start":{"line":413,"column":31},"end":{"line":413,"column":64}}},"18":{"name":"(anonymous_28)","decl":{"start":{"line":417,"column":27},"end":{"line":417,"column":31}},"loc":{"start":{"line":417,"column":35},"end":{"line":417,"column":68}}},"19":{"name":"(anonymous_29)","decl":{"start":{"line":420,"column":27},"end":{"line":420,"column":31}},"loc":{"start":{"line":420,"column":35},"end":{"line":420,"column":66}}},"20":{"name":"(anonymous_30)","decl":{"start":{"line":424,"column":37},"end":{"line":424,"column":42}},"loc":{"start":{"line":424,"column":70},"end":{"line":435,"column":5}}},"21":{"name":"(anonymous_31)","decl":{"start":{"line":426,"column":23},"end":{"line":426,"column":27}},"loc":{"start":{"line":426,"column":31},"end":{"line":426,"column":64}}},"22":{"name":"(anonymous_32)","decl":{"start":{"line":430,"column":27},"end":{"line":430,"column":31}},"loc":{"start":{"line":430,"column":35},"end":{"line":430,"column":68}}},"23":{"name":"(anonymous_33)","decl":{"start":{"line":433,"column":27},"end":{"line":433,"column":31}},"loc":{"start":{"line":433,"column":35},"end":{"line":433,"column":66}}},"24":{"name":"(anonymous_34)","decl":{"start":{"line":437,"column":43},"end":{"line":437,"column":48}},"loc":{"start":{"line":437,"column":76},"end":{"line":448,"column":5}}},"25":{"name":"(anonymous_35)","decl":{"start":{"line":439,"column":23},"end":{"line":439,"column":27}},"loc":{"start":{"line":439,"column":31},"end":{"line":439,"column":70}}},"26":{"name":"(anonymous_36)","decl":{"start":{"line":443,"column":27},"end":{"line":443,"column":31}},"loc":{"start":{"line":443,"column":35},"end":{"line":443,"column":74}}},"27":{"name":"(anonymous_37)","decl":{"start":{"line":446,"column":27},"end":{"line":446,"column":31}},"loc":{"start":{"line":446,"column":35},"end":{"line":446,"column":72}}},"28":{"name":"(anonymous_38)","decl":{"start":{"line":450,"column":37},"end":{"line":450,"column":42}},"loc":{"start":{"line":450,"column":70},"end":{"line":461,"column":5}}},"29":{"name":"(anonymous_39)","decl":{"start":{"line":452,"column":23},"end":{"line":452,"column":27}},"loc":{"start":{"line":452,"column":31},"end":{"line":452,"column":64}}},"30":{"name":"(anonymous_40)","decl":{"start":{"line":456,"column":27},"end":{"line":456,"column":31}},"loc":{"start":{"line":456,"column":35},"end":{"line":456,"column":68}}},"31":{"name":"(anonymous_41)","decl":{"start":{"line":459,"column":27},"end":{"line":459,"column":31}},"loc":{"start":{"line":459,"column":35},"end":{"line":459,"column":66}}},"32":{"name":"(anonymous_42)","decl":{"start":{"line":463,"column":39},"end":{"line":463,"column":44}},"loc":{"start":{"line":463,"column":72},"end":{"line":475,"column":5}}},"33":{"name":"(anonymous_43)","decl":{"start":{"line":465,"column":23},"end":{"line":465,"column":27}},"loc":{"start":{"line":465,"column":31},"end":{"line":465,"column":66}}},"34":{"name":"(anonymous_44)","decl":{"start":{"line":469,"column":27},"end":{"line":469,"column":31}},"loc":{"start":{"line":469,"column":35},"end":{"line":469,"column":70}}},"35":{"name":"(anonymous_45)","decl":{"start":{"line":472,"column":27},"end":{"line":472,"column":31}},"loc":{"start":{"line":472,"column":35},"end":{"line":472,"column":68}}},"36":{"name":"(anonymous_46)","decl":{"start":{"line":477,"column":39},"end":{"line":477,"column":44}},"loc":{"start":{"line":477,"column":72},"end":{"line":488,"column":5}}},"37":{"name":"(anonymous_47)","decl":{"start":{"line":479,"column":23},"end":{"line":479,"column":27}},"loc":{"start":{"line":479,"column":31},"end":{"line":479,"column":66}}},"38":{"name":"(anonymous_48)","decl":{"start":{"line":483,"column":27},"end":{"line":483,"column":31}},"loc":{"start":{"line":483,"column":35},"end":{"line":483,"column":70}}},"39":{"name":"(anonymous_49)","decl":{"start":{"line":486,"column":27},"end":{"line":486,"column":31}},"loc":{"start":{"line":486,"column":35},"end":{"line":486,"column":68}}},"40":{"name":"(anonymous_50)","decl":{"start":{"line":490,"column":35},"end":{"line":490,"column":40}},"loc":{"start":{"line":490,"column":68},"end":{"line":501,"column":5}}},"41":{"name":"(anonymous_51)","decl":{"start":{"line":492,"column":23},"end":{"line":492,"column":27}},"loc":{"start":{"line":492,"column":31},"end":{"line":492,"column":62}}},"42":{"name":"(anonymous_52)","decl":{"start":{"line":496,"column":27},"end":{"line":496,"column":31}},"loc":{"start":{"line":496,"column":35},"end":{"line":496,"column":66}}},"43":{"name":"(anonymous_53)","decl":{"start":{"line":499,"column":27},"end":{"line":499,"column":31}},"loc":{"start":{"line":499,"column":35},"end":{"line":499,"column":64}}},"44":{"name":"(anonymous_54)","decl":{"start":{"line":503,"column":41},"end":{"line":503,"column":46}},"loc":{"start":{"line":503,"column":52},"end":{"line":539,"column":5}}},"45":{"name":"(anonymous_55)","decl":{"start":{"line":518,"column":35},"end":{"line":518,"column":41}},"loc":{"start":{"line":518,"column":44},"end":{"line":524,"column":13}}},"46":{"name":"(anonymous_56)","decl":{"start":{"line":542,"column":14},"end":{"line":542,"column":17}},"loc":{"start":{"line":542,"column":19},"end":{"line":548,"column":5}}},"47":{"name":"(anonymous_57)","decl":{"start":{"line":550,"column":34},"end":{"line":550,"column":39}},"loc":{"start":{"line":550,"column":45},"end":{"line":588,"column":5}}},"48":{"name":"(anonymous_58)","decl":{"start":{"line":569,"column":29},"end":{"line":569,"column":30}},"loc":{"start":{"line":569,"column":42},"end":{"line":571,"column":17}}},"49":{"name":"(anonymous_59)","decl":{"start":{"line":590,"column":14},"end":{"line":590,"column":17}},"loc":{"start":{"line":590,"column":19},"end":{"line":594,"column":5}}},"50":{"name":"(anonymous_60)","decl":{"start":{"line":596,"column":37},"end":{"line":596,"column":42}},"loc":{"start":{"line":596,"column":61},"end":{"line":606,"column":5}}},"51":{"name":"(anonymous_61)","decl":{"start":{"line":613,"column":40},"end":{"line":613,"column":45}},"loc":{"start":{"line":613,"column":198},"end":{"line":702,"column":5}}},"52":{"name":"(anonymous_62)","decl":{"start":{"line":705,"column":40},"end":{"line":705,"column":45}},"loc":{"start":{"line":710,"column":8},"end":{"line":726,"column":5}}},"53":{"name":"(anonymous_63)","decl":{"start":{"line":719,"column":50},"end":{"line":719,"column":51}},"loc":{"start":{"line":719,"column":55},"end":{"line":719,"column":59}}},"54":{"name":"(anonymous_64)","decl":{"start":{"line":720,"column":21},"end":{"line":720,"column":25}},"loc":{"start":{"line":720,"column":29},"end":{"line":720,"column":73}}},"55":{"name":"(anonymous_65)","decl":{"start":{"line":720,"column":41},"end":{"line":720,"column":42}},"loc":{"start":{"line":720,"column":46},"end":{"line":720,"column":72}}},"56":{"name":"(anonymous_66)","decl":{"start":{"line":728,"column":22},"end":{"line":728,"column":27}},"loc":{"start":{"line":728,"column":184},"end":{"line":743,"column":5}}},"57":{"name":"(anonymous_67)","decl":{"start":{"line":735,"column":23},"end":{"line":735,"column":27}},"loc":{"start":{"line":735,"column":31},"end":{"line":735,"column":70}}},"58":{"name":"(anonymous_68)","decl":{"start":{"line":744,"column":25},"end":{"line":744,"column":30}},"loc":{"start":{"line":744,"column":131},"end":{"line":760,"column":5}}},"59":{"name":"(anonymous_69)","decl":{"start":{"line":752,"column":23},"end":{"line":752,"column":27}},"loc":{"start":{"line":752,"column":31},"end":{"line":752,"column":97}}},"60":{"name":"(anonymous_70)","decl":{"start":{"line":752,"column":40},"end":{"line":752,"column":41}},"loc":{"start":{"line":752,"column":45},"end":{"line":752,"column":96}}},"61":{"name":"(anonymous_71)","decl":{"start":{"line":761,"column":25},"end":{"line":761,"column":30}},"loc":{"start":{"line":761,"column":146},"end":{"line":771,"column":5}}},"62":{"name":"(anonymous_72)","decl":{"start":{"line":764,"column":38},"end":{"line":764,"column":39}},"loc":{"start":{"line":764,"column":43},"end":{"line":764,"column":54}}},"63":{"name":"(anonymous_73)","decl":{"start":{"line":768,"column":19},"end":{"line":768,"column":23}},"loc":{"start":{"line":768,"column":27},"end":{"line":768,"column":56}}},"64":{"name":"(anonymous_74)","decl":{"start":{"line":768,"column":39},"end":{"line":768,"column":40}},"loc":{"start":{"line":768,"column":44},"end":{"line":768,"column":55}}},"65":{"name":"(anonymous_75)","decl":{"start":{"line":773,"column":22},"end":{"line":773,"column":27}},"loc":{"start":{"line":773,"column":184},"end":{"line":788,"column":5}}},"66":{"name":"(anonymous_76)","decl":{"start":{"line":780,"column":23},"end":{"line":780,"column":27}},"loc":{"start":{"line":780,"column":31},"end":{"line":780,"column":70}}},"67":{"name":"(anonymous_77)","decl":{"start":{"line":789,"column":25},"end":{"line":789,"column":30}},"loc":{"start":{"line":789,"column":131},"end":{"line":805,"column":5}}},"68":{"name":"(anonymous_78)","decl":{"start":{"line":797,"column":23},"end":{"line":797,"column":27}},"loc":{"start":{"line":797,"column":31},"end":{"line":797,"column":97}}},"69":{"name":"(anonymous_79)","decl":{"start":{"line":797,"column":40},"end":{"line":797,"column":41}},"loc":{"start":{"line":797,"column":45},"end":{"line":797,"column":96}}},"70":{"name":"(anonymous_80)","decl":{"start":{"line":806,"column":25},"end":{"line":806,"column":30}},"loc":{"start":{"line":806,"column":146},"end":{"line":816,"column":5}}},"71":{"name":"(anonymous_81)","decl":{"start":{"line":809,"column":38},"end":{"line":809,"column":39}},"loc":{"start":{"line":809,"column":43},"end":{"line":809,"column":54}}},"72":{"name":"(anonymous_82)","decl":{"start":{"line":813,"column":19},"end":{"line":813,"column":23}},"loc":{"start":{"line":813,"column":27},"end":{"line":813,"column":56}}},"73":{"name":"(anonymous_83)","decl":{"start":{"line":813,"column":39},"end":{"line":813,"column":40}},"loc":{"start":{"line":813,"column":44},"end":{"line":813,"column":55}}},"74":{"name":"(anonymous_84)","decl":{"start":{"line":818,"column":28},"end":{"line":818,"column":33}},"loc":{"start":{"line":818,"column":196},"end":{"line":833,"column":5}}},"75":{"name":"(anonymous_85)","decl":{"start":{"line":825,"column":29},"end":{"line":825,"column":33}},"loc":{"start":{"line":825,"column":37},"end":{"line":825,"column":82}}},"76":{"name":"(anonymous_86)","decl":{"start":{"line":834,"column":31},"end":{"line":834,"column":36}},"loc":{"start":{"line":834,"column":143},"end":{"line":850,"column":5}}},"77":{"name":"(anonymous_87)","decl":{"start":{"line":842,"column":29},"end":{"line":842,"column":33}},"loc":{"start":{"line":842,"column":37},"end":{"line":842,"column":109}}},"78":{"name":"(anonymous_88)","decl":{"start":{"line":842,"column":46},"end":{"line":842,"column":47}},"loc":{"start":{"line":842,"column":51},"end":{"line":842,"column":108}}},"79":{"name":"(anonymous_89)","decl":{"start":{"line":851,"column":31},"end":{"line":851,"column":36}},"loc":{"start":{"line":851,"column":152},"end":{"line":861,"column":5}}},"80":{"name":"(anonymous_90)","decl":{"start":{"line":854,"column":44},"end":{"line":854,"column":45}},"loc":{"start":{"line":854,"column":49},"end":{"line":854,"column":60}}},"81":{"name":"(anonymous_91)","decl":{"start":{"line":858,"column":25},"end":{"line":858,"column":29}},"loc":{"start":{"line":858,"column":33},"end":{"line":858,"column":62}}},"82":{"name":"(anonymous_92)","decl":{"start":{"line":858,"column":45},"end":{"line":858,"column":46}},"loc":{"start":{"line":858,"column":50},"end":{"line":858,"column":61}}},"83":{"name":"(anonymous_93)","decl":{"start":{"line":863,"column":22},"end":{"line":863,"column":27}},"loc":{"start":{"line":863,"column":184},"end":{"line":878,"column":5}}},"84":{"name":"(anonymous_94)","decl":{"start":{"line":870,"column":23},"end":{"line":870,"column":27}},"loc":{"start":{"line":870,"column":31},"end":{"line":870,"column":70}}},"85":{"name":"(anonymous_95)","decl":{"start":{"line":879,"column":25},"end":{"line":879,"column":30}},"loc":{"start":{"line":879,"column":131},"end":{"line":895,"column":5}}},"86":{"name":"(anonymous_96)","decl":{"start":{"line":887,"column":23},"end":{"line":887,"column":27}},"loc":{"start":{"line":887,"column":31},"end":{"line":887,"column":97}}},"87":{"name":"(anonymous_97)","decl":{"start":{"line":887,"column":40},"end":{"line":887,"column":41}},"loc":{"start":{"line":887,"column":45},"end":{"line":887,"column":96}}},"88":{"name":"(anonymous_98)","decl":{"start":{"line":896,"column":25},"end":{"line":896,"column":30}},"loc":{"start":{"line":896,"column":146},"end":{"line":906,"column":5}}},"89":{"name":"(anonymous_99)","decl":{"start":{"line":899,"column":38},"end":{"line":899,"column":39}},"loc":{"start":{"line":899,"column":43},"end":{"line":899,"column":54}}},"90":{"name":"(anonymous_100)","decl":{"start":{"line":903,"column":19},"end":{"line":903,"column":23}},"loc":{"start":{"line":903,"column":27},"end":{"line":903,"column":56}}},"91":{"name":"(anonymous_101)","decl":{"start":{"line":903,"column":39},"end":{"line":903,"column":40}},"loc":{"start":{"line":903,"column":44},"end":{"line":903,"column":55}}},"92":{"name":"(anonymous_102)","decl":{"start":{"line":909,"column":24},"end":{"line":909,"column":29}},"loc":{"start":{"line":909,"column":207},"end":{"line":942,"column":5}}},"93":{"name":"(anonymous_103)","decl":{"start":{"line":934,"column":25},"end":{"line":934,"column":29}},"loc":{"start":{"line":934,"column":33},"end":{"line":934,"column":74}}},"94":{"name":"(anonymous_104)","decl":{"start":{"line":943,"column":27},"end":{"line":943,"column":32}},"loc":{"start":{"line":943,"column":135},"end":{"line":958,"column":5}}},"95":{"name":"(anonymous_105)","decl":{"start":{"line":950,"column":25},"end":{"line":950,"column":29}},"loc":{"start":{"line":950,"column":33},"end":{"line":950,"column":101}}},"96":{"name":"(anonymous_106)","decl":{"start":{"line":950,"column":42},"end":{"line":950,"column":43}},"loc":{"start":{"line":950,"column":47},"end":{"line":950,"column":100}}},"97":{"name":"(anonymous_107)","decl":{"start":{"line":959,"column":27},"end":{"line":959,"column":32}},"loc":{"start":{"line":959,"column":148},"end":{"line":988,"column":5}}},"98":{"name":"(anonymous_108)","decl":{"start":{"line":964,"column":33},"end":{"line":964,"column":37}},"loc":{"start":{"line":964,"column":41},"end":{"line":964,"column":70}}},"99":{"name":"(anonymous_109)","decl":{"start":{"line":964,"column":53},"end":{"line":964,"column":54}},"loc":{"start":{"line":964,"column":58},"end":{"line":964,"column":69}}},"100":{"name":"(anonymous_110)","decl":{"start":{"line":981,"column":40},"end":{"line":981,"column":41}},"loc":{"start":{"line":981,"column":45},"end":{"line":981,"column":56}}},"101":{"name":"(anonymous_111)","decl":{"start":{"line":985,"column":21},"end":{"line":985,"column":25}},"loc":{"start":{"line":985,"column":29},"end":{"line":985,"column":58}}},"102":{"name":"(anonymous_112)","decl":{"start":{"line":985,"column":41},"end":{"line":985,"column":42}},"loc":{"start":{"line":985,"column":46},"end":{"line":985,"column":57}}},"103":{"name":"(anonymous_113)","decl":{"start":{"line":990,"column":20},"end":{"line":990,"column":25}},"loc":{"start":{"line":990,"column":180},"end":{"line":1005,"column":5}}},"104":{"name":"(anonymous_114)","decl":{"start":{"line":997,"column":21},"end":{"line":997,"column":25}},"loc":{"start":{"line":997,"column":29},"end":{"line":997,"column":66}}},"105":{"name":"(anonymous_115)","decl":{"start":{"line":1006,"column":23},"end":{"line":1006,"column":28}},"loc":{"start":{"line":1006,"column":127},"end":{"line":1021,"column":5}}},"106":{"name":"(anonymous_116)","decl":{"start":{"line":1013,"column":21},"end":{"line":1013,"column":25}},"loc":{"start":{"line":1013,"column":29},"end":{"line":1013,"column":93}}},"107":{"name":"(anonymous_117)","decl":{"start":{"line":1013,"column":38},"end":{"line":1013,"column":39}},"loc":{"start":{"line":1013,"column":43},"end":{"line":1013,"column":92}}},"108":{"name":"(anonymous_118)","decl":{"start":{"line":1022,"column":23},"end":{"line":1022,"column":28}},"loc":{"start":{"line":1022,"column":144},"end":{"line":1032,"column":5}}},"109":{"name":"(anonymous_119)","decl":{"start":{"line":1025,"column":36},"end":{"line":1025,"column":37}},"loc":{"start":{"line":1025,"column":41},"end":{"line":1025,"column":52}}},"110":{"name":"(anonymous_120)","decl":{"start":{"line":1029,"column":17},"end":{"line":1029,"column":21}},"loc":{"start":{"line":1029,"column":25},"end":{"line":1029,"column":54}}},"111":{"name":"(anonymous_121)","decl":{"start":{"line":1029,"column":37},"end":{"line":1029,"column":38}},"loc":{"start":{"line":1029,"column":42},"end":{"line":1029,"column":53}}},"112":{"name":"(anonymous_122)","decl":{"start":{"line":1034,"column":23},"end":{"line":1034,"column":28}},"loc":{"start":{"line":1034,"column":186},"end":{"line":1049,"column":5}}},"113":{"name":"(anonymous_123)","decl":{"start":{"line":1041,"column":25},"end":{"line":1041,"column":29}},"loc":{"start":{"line":1041,"column":33},"end":{"line":1041,"column":73}}},"114":{"name":"(anonymous_124)","decl":{"start":{"line":1050,"column":26},"end":{"line":1050,"column":31}},"loc":{"start":{"line":1050,"column":133},"end":{"line":1065,"column":5}}},"115":{"name":"(anonymous_125)","decl":{"start":{"line":1057,"column":25},"end":{"line":1057,"column":29}},"loc":{"start":{"line":1057,"column":33},"end":{"line":1057,"column":100}}},"116":{"name":"(anonymous_126)","decl":{"start":{"line":1057,"column":42},"end":{"line":1057,"column":43}},"loc":{"start":{"line":1057,"column":47},"end":{"line":1057,"column":99}}},"117":{"name":"(anonymous_127)","decl":{"start":{"line":1066,"column":26},"end":{"line":1066,"column":31}},"loc":{"start":{"line":1066,"column":147},"end":{"line":1076,"column":5}}},"118":{"name":"(anonymous_128)","decl":{"start":{"line":1069,"column":40},"end":{"line":1069,"column":41}},"loc":{"start":{"line":1069,"column":45},"end":{"line":1069,"column":56}}},"119":{"name":"(anonymous_129)","decl":{"start":{"line":1073,"column":21},"end":{"line":1073,"column":25}},"loc":{"start":{"line":1073,"column":29},"end":{"line":1073,"column":58}}},"120":{"name":"(anonymous_130)","decl":{"start":{"line":1073,"column":41},"end":{"line":1073,"column":42}},"loc":{"start":{"line":1073,"column":46},"end":{"line":1073,"column":57}}},"121":{"name":"(anonymous_131)","decl":{"start":{"line":1078,"column":30},"end":{"line":1078,"column":35}},"loc":{"start":{"line":1078,"column":54},"end":{"line":1081,"column":5}}},"122":{"name":"(anonymous_132)","decl":{"start":{"line":1079,"column":37},"end":{"line":1079,"column":38}},"loc":{"start":{"line":1079,"column":42},"end":{"line":1079,"column":60}}},"123":{"name":"(anonymous_133)","decl":{"start":{"line":1079,"column":66},"end":{"line":1079,"column":67}},"loc":{"start":{"line":1079,"column":72},"end":{"line":1079,"column":104}}},"124":{"name":"(anonymous_134)","decl":{"start":{"line":1082,"column":36},"end":{"line":1082,"column":41}},"loc":{"start":{"line":1082,"column":60},"end":{"line":1085,"column":5}}},"125":{"name":"(anonymous_135)","decl":{"start":{"line":1083,"column":43},"end":{"line":1083,"column":44}},"loc":{"start":{"line":1083,"column":48},"end":{"line":1083,"column":66}}},"126":{"name":"(anonymous_136)","decl":{"start":{"line":1083,"column":72},"end":{"line":1083,"column":73}},"loc":{"start":{"line":1083,"column":78},"end":{"line":1083,"column":110}}},"127":{"name":"(anonymous_137)","decl":{"start":{"line":1086,"column":30},"end":{"line":1086,"column":35}},"loc":{"start":{"line":1086,"column":54},"end":{"line":1089,"column":5}}},"128":{"name":"(anonymous_138)","decl":{"start":{"line":1087,"column":37},"end":{"line":1087,"column":38}},"loc":{"start":{"line":1087,"column":42},"end":{"line":1087,"column":60}}},"129":{"name":"(anonymous_139)","decl":{"start":{"line":1087,"column":66},"end":{"line":1087,"column":67}},"loc":{"start":{"line":1087,"column":72},"end":{"line":1087,"column":104}}},"130":{"name":"(anonymous_140)","decl":{"start":{"line":1090,"column":30},"end":{"line":1090,"column":35}},"loc":{"start":{"line":1090,"column":54},"end":{"line":1093,"column":5}}},"131":{"name":"(anonymous_141)","decl":{"start":{"line":1091,"column":37},"end":{"line":1091,"column":38}},"loc":{"start":{"line":1091,"column":42},"end":{"line":1091,"column":60}}},"132":{"name":"(anonymous_142)","decl":{"start":{"line":1091,"column":66},"end":{"line":1091,"column":67}},"loc":{"start":{"line":1091,"column":72},"end":{"line":1091,"column":104}}},"133":{"name":"(anonymous_143)","decl":{"start":{"line":1094,"column":32},"end":{"line":1094,"column":37}},"loc":{"start":{"line":1094,"column":56},"end":{"line":1122,"column":5}}},"134":{"name":"(anonymous_144)","decl":{"start":{"line":1099,"column":33},"end":{"line":1099,"column":37}},"loc":{"start":{"line":1099,"column":41},"end":{"line":1099,"column":78}}},"135":{"name":"(anonymous_145)","decl":{"start":{"line":1099,"column":53},"end":{"line":1099,"column":54}},"loc":{"start":{"line":1099,"column":58},"end":{"line":1099,"column":77}}},"136":{"name":"(anonymous_146)","decl":{"start":{"line":1116,"column":25},"end":{"line":1116,"column":29}},"loc":{"start":{"line":1116,"column":33},"end":{"line":1116,"column":70}}},"137":{"name":"(anonymous_147)","decl":{"start":{"line":1116,"column":45},"end":{"line":1116,"column":46}},"loc":{"start":{"line":1116,"column":50},"end":{"line":1116,"column":69}}},"138":{"name":"(anonymous_148)","decl":{"start":{"line":1123,"column":28},"end":{"line":1123,"column":33}},"loc":{"start":{"line":1123,"column":52},"end":{"line":1126,"column":5}}},"139":{"name":"(anonymous_149)","decl":{"start":{"line":1124,"column":35},"end":{"line":1124,"column":36}},"loc":{"start":{"line":1124,"column":40},"end":{"line":1124,"column":58}}},"140":{"name":"(anonymous_150)","decl":{"start":{"line":1124,"column":64},"end":{"line":1124,"column":65}},"loc":{"start":{"line":1124,"column":70},"end":{"line":1124,"column":102}}},"141":{"name":"(anonymous_151)","decl":{"start":{"line":1127,"column":32},"end":{"line":1127,"column":37}},"loc":{"start":{"line":1127,"column":56},"end":{"line":1130,"column":5}}},"142":{"name":"(anonymous_152)","decl":{"start":{"line":1128,"column":39},"end":{"line":1128,"column":40}},"loc":{"start":{"line":1128,"column":44},"end":{"line":1128,"column":62}}},"143":{"name":"(anonymous_153)","decl":{"start":{"line":1128,"column":68},"end":{"line":1128,"column":69}},"loc":{"start":{"line":1128,"column":74},"end":{"line":1128,"column":106}}},"144":{"name":"(anonymous_154)","decl":{"start":{"line":1132,"column":38},"end":{"line":1132,"column":43}},"loc":{"start":{"line":1132,"column":83},"end":{"line":1139,"column":5}}},"145":{"name":"(anonymous_155)","decl":{"start":{"line":1141,"column":40},"end":{"line":1141,"column":45}},"loc":{"start":{"line":1141,"column":75},"end":{"line":1148,"column":5}}},"146":{"name":"(anonymous_156)","decl":{"start":{"line":1165,"column":39},"end":{"line":1165,"column":42}},"loc":{"start":{"line":1165,"column":45},"end":{"line":1165,"column":85}}},"147":{"name":"(anonymous_157)","decl":{"start":{"line":1165,"column":67},"end":{"line":1165,"column":68}},"loc":{"start":{"line":1165,"column":72},"end":{"line":1165,"column":83}}},"148":{"name":"(anonymous_158)","decl":{"start":{"line":1166,"column":38},"end":{"line":1166,"column":41}},"loc":{"start":{"line":1166,"column":44},"end":{"line":1166,"column":91}}},"149":{"name":"(anonymous_159)","decl":{"start":{"line":1166,"column":66},"end":{"line":1166,"column":67}},"loc":{"start":{"line":1166,"column":71},"end":{"line":1166,"column":89}}},"150":{"name":"(anonymous_160)","decl":{"start":{"line":1192,"column":23},"end":{"line":1192,"column":26}},"loc":{"start":{"line":1192,"column":28},"end":{"line":1198,"column":1}}}},"branchMap":{"0":{"loc":{"start":{"line":87,"column":24},"end":{"line":87,"column":78}},"type":"cond-expr","locations":[{"start":{"line":87,"column":62},"end":{"line":87,"column":64}},{"start":{"line":87,"column":67},"end":{"line":87,"column":78}}]},"1":{"loc":{"start":{"line":87,"column":25},"end":{"line":87,"column":58}},"type":"binary-expr","locations":[{"start":{"line":87,"column":25},"end":{"line":87,"column":37}},{"start":{"line":87,"column":41},"end":{"line":87,"column":58}}]},"2":{"loc":{"start":{"line":99,"column":13},"end":{"line":99,"column":53}},"type":"binary-expr","locations":[{"start":{"line":99,"column":13},"end":{"line":99,"column":38}},{"start":{"line":99,"column":42},"end":{"line":99,"column":53}}]},"3":{"loc":{"start":{"line":102,"column":13},"end":{"line":102,"column":35}},"type":"binary-expr","locations":[{"start":{"line":102,"column":13},"end":{"line":102,"column":30}},{"start":{"line":102,"column":34},"end":{"line":102,"column":35}}]},"4":{"loc":{"start":{"line":136,"column":13},"end":{"line":136,"column":53}},"type":"binary-expr","locations":[{"start":{"line":136,"column":13},"end":{"line":136,"column":38}},{"start":{"line":136,"column":42},"end":{"line":136,"column":53}}]},"5":{"loc":{"start":{"line":138,"column":13},"end":{"line":138,"column":35}},"type":"binary-expr","locations":[{"start":{"line":138,"column":13},"end":{"line":138,"column":30}},{"start":{"line":138,"column":34},"end":{"line":138,"column":35}}]},"6":{"loc":{"start":{"line":174,"column":13},"end":{"line":174,"column":53}},"type":"binary-expr","locations":[{"start":{"line":174,"column":13},"end":{"line":174,"column":38}},{"start":{"line":174,"column":42},"end":{"line":174,"column":53}}]},"7":{"loc":{"start":{"line":176,"column":13},"end":{"line":176,"column":35}},"type":"binary-expr","locations":[{"start":{"line":176,"column":13},"end":{"line":176,"column":30}},{"start":{"line":176,"column":34},"end":{"line":176,"column":35}}]},"8":{"loc":{"start":{"line":204,"column":10},"end":{"line":204,"column":29}},"type":"binary-expr","locations":[{"start":{"line":204,"column":10},"end":{"line":204,"column":24}},{"start":{"line":204,"column":28},"end":{"line":204,"column":29}}]},"9":{"loc":{"start":{"line":219,"column":13},"end":{"line":219,"column":53}},"type":"binary-expr","locations":[{"start":{"line":219,"column":13},"end":{"line":219,"column":38}},{"start":{"line":219,"column":42},"end":{"line":219,"column":53}}]},"10":{"loc":{"start":{"line":224,"column":13},"end":{"line":224,"column":35}},"type":"binary-expr","locations":[{"start":{"line":224,"column":13},"end":{"line":224,"column":30}},{"start":{"line":224,"column":34},"end":{"line":224,"column":35}}]},"11":{"loc":{"start":{"line":234,"column":10},"end":{"line":234,"column":37}},"type":"cond-expr","locations":[{"start":{"line":234,"column":19},"end":{"line":2
[...]
:{}}]},"25":{"loc":{"start":{"line":228,"column":16},"end":{"line":228,"column":51}},"type":"binary-expr","locations":[{"start":{"line":228,"column":16},"end":{"line":228,"column":29}},{"start":{"line":228,"column":33},"end":{"line":228,"column":51}}]},"26":{"loc":{"start":{"line":230,"column":16},"end":{"line":255,"column":17}},"type":"if","locations":[{"start":{"line":230,"column":16},"end":{"line":255,"column":17}},{"start":{},"end":{}}]},"27":{"loc":{"start":{"line":230,"column":20},"end":{"line":230,"column":46}},"type":"binary-expr","locations":[{"start":{"line":230,"column":20},"end":{"line":230,"column":33}},{"start":{"line":230,"column":37},"end":{"line":230,"column":46}}]},"28":{"loc":{"start":{"line":243,"column":20},"end":{"line":254,"column":21}},"type":"if","locations":[{"start":{"line":243,"column":20},"end":{"line":254,"column":21}},{"start":{},"end":{}}]},"29":{"loc":{"start":{"line":250,"column":43},"end":{"line":250,"column":74}},"type":"cond-expr","locations":[{"start":{"line":250,"column":55},"end":{"line":250,"column":63}},{"start":{"line":250,"column":66},"end":{"line":250,"column":74}}]},"30":{"loc":{"start":{"line":250,"column":116},"end":{"line":250,"column":138}},"type":"cond-expr","locations":[{"start":{"line":250,"column":128},"end":{"line":250,"column":132}},{"start":{"line":250,"column":135},"end":{"line":250,"column":138}}]}},"s":{"0":1,"1":1,"2":1,"3":6,"4":6,"5":6,"6":1,"7":5,"8":5,"9":3,"10":5,"11":4,"12":5,"13":3,"14":5,"15":45,"16":45,"17":20,"18":20,"19":12,"20":11,"21":12,"22":45,"23":11,"24":1,"25":2,"26":5,"27":40,"28":16,"29":10,"30":2,"31":14,"32":14,"33":0,"34":5,"35":4,"36":1,"37":5,"38":0,"39":0,"40":5,"41":9,"42":0,"43":5,"44":2,"45":5,"46":4,"47":5,"48":0,"49":5,"50":0,"51":5,"52":3,"53":5,"54":3,"55":0,"56":5,"57":5,"58":5,"59":5,"60":5,"61":5,"62":5,"63":5,"64":5,"65":5,"66":5,"67":5,"68":5,"69":5,"70":5,"71":5,"72":5,"73":5,"74":4,"75":2,"76":2,"77":2,"78":2,"79":2,"80":2,"81":2,"82":2,"83":2,"84":2,"85":2,"86":2,"87":2,"88":2,"89":5,"90":4,"91":5,"92":0,"93":5,"94":6,"95":1},"f":{"0":6,"1":6,"2":3,"3":4,"4":3,"5":45,"6":20,"7":11,"8":2,"9":40,"10":16,"11":4,"12":0,"13":9,"14":2,"15":4,"16":0,"17":0,"18":3,"19":3,"20":4,"21":4,"22":0},"b":{"0":[1,5],"1":[20,8],"2":[12,8],"3":[11,1],"4":[1,10],"5":[2,0],"6":[0,0],"7":[0,0],"8":[0,0],"9":[0,0],"10":[10,6],"11":[16,10,10],"12":[2,8],"13":[10,10],"14":[14,0],"15":[0,14],"16":[1,3],"17":[4,3],"18":[0,0],"19":[0,0],"20":[0,9],"21":[9,8,8],"22":[0,3],"23":[3,3],"24":[2,2],"25":[4,2],"26":[2,0],"27":[2,2],"28":[2,0],"29":[1,1],"30":[1,1]}}
,"C:\\Users\\hokuto-marui\\ledger-system-app\\src\\lib\\utils\\cn.ts": {"path":"C:\\Users\\hokuto-marui\\ledger-system-app\\src\\lib\\utils\\cn.ts","statementMap":{"0":{"start":{"line":4,"column":0},"end":{"line":4,"column":16}},"1":{"start":{"line":1,"column":0},"end":{"line":1,"column":45}},"2":{"start":{"line":2,"column":0},"end":{"line":2,"column":41}},"3":{"start":{"line":5,"column":4},"end":{"line":5,"column":33}}},"fnMap":{"0":{"name":"cn","decl":{"start":{"line":4,"column":16},"end":{"line":4,"column":18}},"loc":{"start":{"line":4,"column":42},"end":{"line":6,"column":1}}}},"branchMap":{},"s":{"0":1,"1":1,"2":1,"3":0},"f":{"0":0},"b":{}}
,"C:\\Users\\hokuto-marui\\ledger-system-app\\src\\lib\\utils\\dateHelpers.ts": {"path":"C:\\Users\\hokuto-marui\\ledger-system-app\\src\\lib\\utils\\dateHelpers.ts","statementMap":{"0":{"start":{"line":1,"column":28},"end":{"line":14,"column":1}},"1":{"start":{"line":2,"column":18},"end":{"line":2,"column":32}},"2":{"start":{"line":3,"column":16},"end":{"line":3,"column":30}},"3":{"start":{"line":6,"column":4},"end":{"line":6,"column":41}},"4":{"start":{"line":7,"column":4},"end":{"line":7,"column":31}},"5":{"start":{"line":9,"column":16},"end":{"line":9,"column":31}},"6":{"start":{"line":10,"column":4},"end":{"line":10,"column":35}},"7":{"start":{"line":11,"column":4},"end":{"line":11,"column":34}},"8":{"start":{"line":13,"column":4},"end":{"line":13,"column":26}},"9":{"start":{"line":1,"column":13},"end":{"line":1,"column":28}},"10":{"start":{"line":16,"column":34},"end":{"line":44,"column":1}},"11":{"start":{"line":17,"column":64},"end":{"line":17,"column":66}},"12":{"start":{"line":20,"column":38},"end":{"line":20,"column":60}},"13":{"start":{"line":21,"column":37},"end":{"line":21,"column":57}},"14":{"start":{"line":23,"column":23},"end":{"line":23,"column":47}},"15":{"start":{"line":25,"column":4},"end":{"line":41,"column":5}},"16":{"start":{"line":26,"column":27},"end":{"line":26,"column":49}},"17":{"start":{"line":27,"column":8},"end":{"line":27,"column":53}},"18":{"start":{"line":28,"column":8},"end":{"line":28,"column":45}},"19":{"start":{"line":30,"column":22},"end":{"line":30,"column":77}},"20":{"start":{"line":33,"column":8},"end":{"line":37,"column":11}},"21":{"start":{"line":40,"column":8},"end":{"line":40,"column":57}},"22":{"start":{"line":43,"column":4},"end":{"line":43,"column":18}},"23":{"start":{"line":16,"column":13},"end":{"line":16,"column":34}},"24":{"start":{"line":46,"column":19},"end":{"line":51,"column":1}},"25":{"start":{"line":47,"column":14},"end":{"line":47,"column":32}},"26":{"start":{"line":48,"column":14},"end":{"line":48,"column":58}},"27":{"start":{"line":49,"column":14},"end":{"line":49,"column":53}},"28":{"start":{"line":50,"column":4},"end":{"line":50,"column":28}},"29":{"start":{"line":52,"column":28},"end":{"line":64,"column":1}},"30":{"start":{"line":53,"column":4},"end":{"line":53,"column":29}},"31":{"start":{"line":53,"column":20},"end":{"line":53,"column":29}},"32":{"start":{"line":54,"column":18},"end":{"line":54,"column":37}},"33":{"start":{"line":55,"column":4},"end":{"line":55,"column":41}},"34":{"start":{"line":55,"column":32},"end":{"line":55,"column":41}},"35":{"start":{"line":57,"column":18},"end":{"line":57,"column":28}},"36":{"start":{"line":58,"column":14},"end":{"line":58,"column":55}},"37":{"start":{"line":59,"column":14},"end":{"line":59,"column":49}},"38":{"start":{"line":60,"column":4},"end":{"line":62,"column":5}},"39":{"start":{"line":61,"column":8},"end":{"line":61,"column":14}},"40":{"start":{"line":63,"column":4},"end":{"line":63,"column":28}},"41":{"start":{"line":52,"column":13},"end":{"line":52,"column":28}},"42":{"start":{"line":66,"column":38},"end":{"line":89,"column":1}},"43":{"start":{"line":67,"column":4},"end":{"line":67,"column":50}},"44":{"start":{"line":67,"column":19},"end":{"line":67,"column":50}},"45":{"start":{"line":68,"column":17},"end":{"line":68,"column":35}},"46":{"start":{"line":69,"column":4},"end":{"line":69,"column":62}},"47":{"start":{"line":69,"column":31},"end":{"line":69,"column":62}},"48":{"start":{"line":71,"column":18},"end":{"line":71,"column":28}},"49":{"start":{"line":73,"column":16},"end":{"line":73,"column":56}},"50":{"start":{"line":74,"column":17},"end":{"line":74,"column":51}},"51":{"start":{"line":76,"column":4},"end":{"line":78,"column":5}},"52":{"start":{"line":77,"column":8},"end":{"line":77,"column":17}},"53":{"start":{"line":80,"column":4},"end":{"line":83,"column":5}},"54":{"start":{"line":81,"column":8},"end":{"line":81,"column":16}},"55":{"start":{"line":82,"column":8},"end":{"line":82,"column":21}},"56":{"start":{"line":85,"column":4},"end":{"line":88,"column":6}},"57":{"start":{"line":66,"column":13},"end":{"line":66,"column":38}}},"fnMap":{"0":{"name":"(anonymous_0)","decl":{"start":{"line":1,"column":28},"end":{"line":1,"column":29}},"loc":{"start":{"line":1,"column":43},"end":{"line":14,"column":1}}},"1":{"name":"(anonymous_1)","decl":{"start":{"line":16,"column":34},"end":{"line":16,"column":35}},"loc":{"start":{"line":16,"column":80},"end":{"line":44,"column":1}}},"2":{"name":"(anonymous_2)","decl":{"start":{"line":46,"column":19},"end":{"line":46,"column":20}},"loc":{"start":{"line":46,"column":34},"end":{"line":51,"column":1}}},"3":{"name":"(anonymous_3)","decl":{"start":{"line":52,"column":28},"end":{"line":52,"column":29}},"loc":{"start":{"line":52,"column":58},"end":{"line":64,"column":1}}},"4":{"name":"(anonymous_4)","decl":{"start":{"line":66,"column":38},"end":{"line":66,"column":39}},"loc":{"start":{"line":66,"column":94},"end":{"line":89,"column":1}}}},"branchMap":{"0":{"loc":{"start":{"line":16,"column":51},"end":{"line":16,"column":76}},"type":"default-arg","locations":[{"start":{"line":16,"column":66},"end":{"line":16,"column":76}}]},"1":{"loc":{"start":{"line":53,"column":4},"end":{"line":53,"column":29}},"type":"if","locations":[{"start":{"line":53,"column":4},"end":{"line":53,"column":29}},{"start":{},"end":{}}]},"2":{"loc":{"start":{"line":55,"column":4},"end":{"line":55,"column":41}},"type":"if","locations":[{"start":{"line":55,"column":4},"end":{"line":55,"column":41}},{"start":{},"end":{}}]},"3":{"loc":{"start":{"line":60,"column":4},"end":{"line":62,"column":5}},"type":"if","locations":[{"start":{"line":60,"column":4},"end":{"line":62,"column":5}},{"start":{},"end":{}}]},"4":{"loc":{"start":{"line":60,"column":8},"end":{"line":60,"column":63}},"type":"binary-expr","locations":[{"start":{"line":60,"column":8},"end":{"line":60,"column":13}},{"start":{"line":60,"column":18},"end":{"line":60,"column":25}},{"start":{"line":60,"column":29},"end":{"line":60,"column":62}}]},"5":{"loc":{"start":{"line":67,"column":4},"end":{"line":67,"column":50}},"type":"if","locations":[{"start":{"line":67,"column":4},"end":{"line":67,"column":50}},{"start":{},"end":{}}]},"6":{"loc":{"start":{"line":69,"column":4},"end":{"line":69,"column":62}},"type":"if","locations":[{"start":{"line":69,"column":4},"end":{"line":69,"column":62}},{"start":{},"end":{}}]},"7":{"loc":{"start":{"line":76,"column":4},"end":{"line":78,"column":5}},"type":"if","locations":[{"start":{"line":76,"column":4},"end":{"line":78,"column":5}},{"start":{},"end":{}}]},"8":{"loc":{"start":{"line":80,"column":4},"end":{"line":83,"column":5}},"type":"if","locations":[{"start":{"line":80,"column":4},"end":{"line":83,"column":5}},{"start":{},"end":{}}]}},"s":{"0":3,"1":8,"2":8,"3":8,"4":8,"5":8,"6":8,"7":8,"8":8,"9":3,"10":3,"11":0,"12":0,"13":0,"14":0,"15":0,"16":0,"17":0,"18":0,"19":0,"20":0,"21":0,"22":0,"23":3,"24":3,"25":0,"26":0,"27":0,"28":0,"29":3,"30":22,"31":1,"32":21,"33":21,"34":1,"35":20,"36":20,"37":20,"38":20,"39":17,"40":20,"41":3,"42":3,"43":23,"44":1,"45":22,"46":22,"47":1,"48":21,"49":21,"50":21,"51":21,"52":1,"53":21,"54":19,"55":19,"56":21,"57":3},"f":{"0":8,"1":0,"2":0,"3":22,"4":23},"b":{"0":[0],"1":[1,21],"2":[1,20],"3":[17,3],"4":[20,4,2],"5":[1,22],"6":[1,21],"7":[1,20],"8":[19,2]}}
,"C:\\Users\\hokuto-marui\\ledger-system-app\\src\\lib\\utils\\phoneUtils.ts": {"path":"C:\\Users\\hokuto-marui\\ledger-system-app\\src\\lib\\utils\\phoneUtils.ts","statementMap":{"0":{"start":{"line":6,"column":36},"end":{"line":8,"column":1}},"1":{"start":{"line":7,"column":4},"end":{"line":7,"column":40}},"2":{"start":{"line":6,"column":13},"end":{"line":6,"column":36}},"3":{"start":{"line":16,"column":33},"end":{"line":53,"column":1}},"4":{"start":{"line":18,"column":4},"end":{"line":20,"column":5}},"5":{"start":{"line":19,"column":8},"end":{"line":19,"column":21}},"6":{"start":{"line":22,"column":21},"end":{"line":22,"column":48}},"7":{"start":{"line":25,"column":4},"end":{"line":29,"column":5}},"8":{"start":{"line":26,"column":8},"end":{"line":28,"column":9}},"9":{"start":{"line":27,"column":12},"end":{"line":27,"column":42}},"10":{"start":{"line":32,"column":4},"end":{"line":34,"column":5}},"11":{"start":{"line":33,"column":8},"end":{"line":33,"column":26}},"12":{"start":{"line":37,"column":4},"end":{"line":39,"column":5}},"13":{"start":{"line":38,"column":8},"end":{"line":38,"column":96}},"14":{"start":{"line":42,"column":4},"end":{"line":49,"column":5}},"15":{"start":{"line":44,"column":8},"end":{"line":46,"column":9}},"16":{"start":{"line":45,"column":12},"end":{"line":45,"column":100}},"17":{"start":{"line":48,"column":8},"end":{"line":48,"column":96}},"18":{"start":{"line":52,"column":4},"end":{"line":52,"column":31}},"19":{"start":{"line":16,"column":13},"end":{"line":16,"column":33}}},"fnMap":{"0":{"name":"(anonymous_0)","decl":{"start":{"line":6,"column":36},"end":{"line":6,"column":37}},"loc":{"start":{"line":6,"column":62},"end":{"line":8,"column":1}}},"1":{"name":"(anonymous_1)","decl":{"start":{"line":16,"column":33},"end":{"line":16,"column":34}},"loc":{"start":{"line":16,"column":59},"end":{"line":53,"column":1}}}},"branchMap":{"0":{"loc":{"start":{"line":18,"column":4},"end":{"line":20,"column":5}},"type":"if","locations":[{"start":{"line":18,"column":4},"end":{"line":20,"column":5}},{"start":{},"end":{}}]},"1":{"loc":{"start":{"line":25,"column":4},"end":{"line":29,"column":5}},"type":"if","locations":[{"start":{"line":25,"column":4},"end":{"line":29,"column":5}},{"start":{},"end":{}}]},"2":{"loc":{"start":{"line":25,"column":8},"end":{"line":25,"column":54}},"type":"binary-expr","locations":[{"start":{"line":25,"column":8},"end":{"line":25,"column":29}},{"start":{"line":25,"column":33},"end":{"line":25,"column":54}}]},"3":{"loc":{"start":{"line":26,"column":8},"end":{"line":28,"column":9}},"type":"if","locations":[{"start":{"line":26,"column":8},"end":{"line":28,"column":9}},{"start":{},"end":{}}]},"4":{"loc":{"start":{"line":26,"column":12},"end":{"line":26,"column":63}},"type":"binary-expr","locations":[{"start":{"line":26,"column":12},"end":{"line":26,"column":36}},{"start":{"line":26,"column":40},"end":{"line":26,"column":63}}]},"5":{"loc":{"start":{"line":32,"column":4},"end":{"line":34,"column":5}},"type":"if","locations":[{"start":{"line":32,"column":4},"end":{"line":34,"column":5}},{"start":{},"end":{}}]},"6":{"loc":{"start":{"line":37,"column":4},"end":{"line":39,"column":5}},"type":"if","locations":[{"start":{"line":37,"column":4},"end":{"line":39,"column":5}},{"start":{},"end":{}}]},"7":{"loc":{"start":{"line":42,"column":4},"end":{"line":49,"column":5}},"type":"if","locations":[{"start":{"line":42,"column":4},"end":{"line":49,"column":5}},{"start":{},"end":{}}]},"8":{"loc":{"start":{"line":44,"column":8},"end":{"line":46,"column":9}},"type":"if","locations":[{"start":{"line":44,"column":8},"end":{"line":46,"column":9}},{"start":{},"end":{}}]},"9":{"loc":{"start":{"line":44,"column":12},"end":{"line":44,"column":70}},"type":"binary-expr","locations":[{"start":{"line":44,"column":12},"end":{"line":44,"column":39}},{"start":{"line":44,"column":43},"end":{"line":44,"column":70}}]},"10":{"loc":{"start":{"line":52,"column":11},"end":{"line":52,"column":30}},"type":"binary-expr","locations":[{"start":{"line":52,"column":11},"end":{"line":52,"column":21}},{"start":{"line":52,"column":25},"end":{"line":52,"column":30}}]}},"s":{"0":1,"1":0,"2":1,"3":1,"4":0,"5":0,"6":0,"7":0,"8":0,"9":0,"10":0,"11":0,"12":0,"13":0,"14":0,"15":0,"16":0,"17":0,"18":0,"19":1},"f":{"0":0,"1":0},"b":{"0":[0,0],"1":[0,0],"2":[0,0],"3":[0,0],"4":[0,0],"5":[0,0],"6":[0,0],"7":[0,0],"8":[0,0],"9":[0,0],"10":[0,0]}}
,"C:\\Users\\hokuto-marui\\ledger-system-app\\src\\lib\\utils\\stringUtils.ts": {"path":"C:\\Users\\hokuto-marui\\ledger-system-app\\src\\lib\\utils\\stringUtils.ts","statementMap":{"0":{"start":{"line":11,"column":31},"end":{"line":48,"column":1}},"1":{"start":{"line":12,"column":4},"end":{"line":12,"column":25}},"2":{"start":{"line":12,"column":14},"end":{"line":12,"column":25}},"3":{"start":{"line":14,"column":44},"end":{"line":35,"column":6}},"4":{"start":{"line":38,"column":17},"end":{"line":40,"column":6}},"5":{"start":{"line":39,"column":8},"end":{"line":39,"column":39}},"6":{"start":{"line":43,"column":4},"end":{"line":45,"column":7}},"7":{"start":{"line":44,"column":8},"end":{"line":44,"column":39}},"8":{"start":{"line":47,"column":4},"end":{"line":47,"column":18}},"9":{"start":{"line":11,"column":13},"end":{"line":11,"column":31}},"10":{"start":{"line":55,"column":37},"end":{"line":65,"column":1}},"11":{"start":{"line":56,"column":4},"end":{"line":56,"column":24}},"12":{"start":{"line":56,"column":14},"end":{"line":56,"column":24}},"13":{"start":{"line":58,"column":21},"end":{"line":58,"column":96}},"14":{"start":{"line":58,"column":50},"end":{"line":58,"column":95}},"15":{"start":{"line":60,"column":18},"end":{"line":60,"column":43}},"16":{"start":{"line":61,"column":4},"end":{"line":63,"column":5}},"17":{"start":{"line":62,"column":8},"end":{"line":62,"column":30}},"18":{"start":{"line":64,"column":4},"end":{"line":64,"column":15}},"19":{"start":{"line":55,"column":13},"end":{"line":55,"column":37}}},"fnMap":{"0":{"name":"(anonymous_0)","decl":{"start":{"line":11,"column":31},"end":{"line":11,"column":32}},"loc":{"start":{"line":11,"column":55},"end":{"line":48,"column":1}}},"1":{"name":"(anonymous_1)","decl":{"start":{"line":38,"column":119},"end":{"line":38,"column":120}},"loc":{"start":{"line":38,"column":129},"end":{"line":40,"column":5}}},"2":{"name":"(anonymous_2)","decl":{"start":{"line":43,"column":49},"end":{"line":43,"column":50}},"loc":{"start":{"line":43,"column":59},"end":{"line":45,"column":5}}},"3":{"name":"(anonymous_3)","decl":{"start":{"line":55,"column":37},"end":{"line":55,"column":38}},"loc":{"start":{"line":55,"column":61},"end":{"line":65,"column":1}}},"4":{"name":"(anonymous_4)","decl":{"start":{"line":58,"column":43},"end":{"line":58,"column":44}},"loc":{"start":{"line":58,"column":50},"end":{"line":58,"column":95}}}},"branchMap":{"0":{"loc":{"start":{"line":12,"column":4},"end":{"line":12,"column":25}},"type":"if","locations":[{"start":{"line":12,"column":4},"end":{"line":12,"column":25}},{"start":{},"end":{}}]},"1":{"loc":{"start":{"line":39,"column":15},"end":{"line":39,"column":38}},"type":"binary-expr","locations":[{"start":{"line":39,"column":15},"end":{"line":39,"column":29}},{"start":{"line":39,"column":33},"end":{"line":39,"column":38}}]},"2":{"loc":{"start":{"line":44,"column":15},"end":{"line":44,"column":38}},"type":"binary-expr","locations":[{"start":{"line":44,"column":15},"end":{"line":44,"column":29}},{"start":{"line":44,"column":33},"end":{"line":44,"column":38}}]},"3":{"loc":{"start":{"line":56,"column":4},"end":{"line":56,"column":24}},"type":"if","locations":[{"start":{"line":56,"column":4},"end":{"line":56,"column":24}},{"start":{},"end":{}}]},"4":{"loc":{"start":{"line":61,"column":4},"end":{"line":63,"column":5}},"type":"if","locations":[{"start":{"line":61,"column":4},"end":{"line":63,"column":5}},{"start":{},"end":{}}]}},"s":{"0":0,"1":0,"2":0,"3":0,"4":0,"5":0,"6":0,"7":0,"8":0,"9":0,"10":0,"11":0,"12":0,"13":0,"14":0,"15":0,"16":0,"17":0,"18":0,"19":0},"f":{"0":0,"1":0,"2":0,"3":0,"4":0},"b":{"0":[0,0],"1":[0,0],"2":[0,0],"3":[0,0],"4":[0,0]}}
,"C:\\Users\\hokuto-marui\\ledger-system-app\\src\\lib\\utils\\zipCodeUtils.ts": {"path":"C:\\Users\\hokuto-marui\\ledger-system-app\\src\\lib\\utils\\zipCodeUtils.ts","statementMap":{"0":{"start":{"line":8,"column":29},"end":{"line":19,"column":1}},"1":{"start":{"line":9,"column":4},"end":{"line":9,"column":24}},"2":{"start":{"line":9,"column":14},"end":{"line":9,"column":24}},"3":{"start":{"line":12,"column":19},"end":{"line":12,"column":45}},"4":{"start":{"line":14,"column":4},"end":{"line":16,"column":5}},"5":{"start":{"line":15,"column":8},"end":{"line":15,"column":58}},"6":{"start":{"line":18,"column":4},"end":{"line":18,"column":15}},"7":{"start":{"line":8,"column":13},"end":{"line":8,"column":29}}},"fnMap":{"0":{"name":"(anonymous_0)","decl":{"start":{"line":8,"column":29},"end":{"line":8,"column":30}},"loc":{"start":{"line":8,"column":72},"end":{"line":19,"column":1}}}},"branchMap":{"0":{"loc":{"start":{"line":9,"column":4},"end":{"line":9,"column":24}},"type":"if","locations":[{"start":{"line":9,"column":4},"end":{"line":9,"column":24}},{"start":{},"end":{}}]},"1":{"loc":{"start":{"line":14,"column":4},"end":{"line":16,"column":5}},"type":"if","locations":[{"start":{"line":14,"column":4},"end":{"line":16,"column":5}},{"start":{},"end":{}}]}},"s":{"0":0,"1":0,"2":0,"3":0,"4":0,"5":0,"6":0,"7":0},"f":{"0":0},"b":{"0":[0,0],"1":[0,0]}}
}
