TN:
SF:src\features\context\DataContext.tsx
FN:87,(anonymous_10)
FN:89,(anonymous_11)
FN:106,(anonymous_12)
FN:121,(anonymous_13)
FN:142,(anonymous_14)
FN:161,(anonymous_15)
FN:180,(anonymous_16)
FN:197,(anonymous_17)
FN:228,(anonymous_18)
FN:256,(anonymous_19)
FN:287,(anonymous_20)
FN:305,(anonymous_21)
FN:313,(anonymous_22)
FN:319,(anonymous_23)
FN:344,(anonymous_24)
FN:379,(anonymous_25)
FN:411,(anonymous_26)
FN:413,(anonymous_27)
FN:417,(anonymous_28)
FN:420,(anonymous_29)
FN:424,(anonymous_30)
FN:426,(anonymous_31)
FN:430,(anonymous_32)
FN:433,(anonymous_33)
FN:437,(anonymous_34)
FN:439,(anonymous_35)
FN:443,(anonymous_36)
FN:446,(anonymous_37)
FN:450,(anonymous_38)
FN:452,(anonymous_39)
FN:456,(anonymous_40)
FN:459,(anonymous_41)
FN:463,(anonymous_42)
FN:465,(anonymous_43)
FN:469,(anonymous_44)
FN:472,(anonymous_45)
FN:477,(anonymous_46)
FN:479,(anonymous_47)
FN:483,(anonymous_48)
FN:486,(anonymous_49)
FN:490,(anonymous_50)
FN:492,(anonymous_51)
FN:496,(anonymous_52)
FN:499,(anonymous_53)
FN:503,(anonymous_54)
FN:518,(anonymous_55)
FN:542,(anonymous_56)
FN:550,(anonymous_57)
FN:569,(anonymous_58)
FN:590,(anonymous_59)
FN:596,(anonymous_60)
FN:613,(anonymous_61)
FN:705,(anonymous_62)
FN:719,(anonymous_63)
FN:720,(anonymous_64)
FN:720,(anonymous_65)
FN:728,(anonymous_66)
FN:735,(anonymous_67)
FN:744,(anonymous_68)
FN:752,(anonymous_69)
FN:752,(anonymous_70)
FN:761,(anonymous_71)
FN:764,(anonymous_72)
FN:768,(anonymous_73)
FN:768,(anonymous_74)
FN:773,(anonymous_75)
FN:780,(anonymous_76)
FN:789,(anonymous_77)
FN:797,(anonymous_78)
FN:797,(anonymous_79)
FN:806,(anonymous_80)
FN:809,(anonymous_81)
FN:813,(anonymous_82)
FN:813,(anonymous_83)
FN:818,(anonymous_84)
FN:825,(anonymous_85)
FN:834,(anonymous_86)
FN:842,(anonymous_87)
FN:842,(anonymous_88)
FN:851,(anonymous_89)
FN:854,(anonymous_90)
FN:858,(anonymous_91)
FN:858,(anonymous_92)
FN:863,(anonymous_93)
FN:870,(anonymous_94)
FN:879,(anonymous_95)
FN:887,(anonymous_96)
FN:887,(anonymous_97)
FN:896,(anonymous_98)
FN:899,(anonymous_99)
FN:903,(anonymous_100)
FN:903,(anonymous_101)
FN:909,(anonymous_102)
FN:934,(anonymous_103)
FN:943,(anonymous_104)
FN:950,(anonymous_105)
FN:950,(anonymous_106)
FN:959,(anonymous_107)
FN:964,(anonymous_108)
FN:964,(anonymous_109)
FN:981,(anonymous_110)
FN:985,(anonymous_111)
FN:985,(anonymous_112)
FN:990,(anonymous_113)
FN:997,(anonymous_114)
FN:1006,(anonymous_115)
FN:1013,(anonymous_116)
FN:1013,(anonymous_117)
FN:1022,(anonymous_118)
FN:1025,(anonymous_119)
FN:1029,(anonymous_120)
FN:1029,(anonymous_121)
FN:1034,(anonymous_122)
FN:1041,(anonymous_123)
FN:1050,(anonymous_124)
FN:1057,(anonymous_125)
FN:1057,(anonymous_126)
FN:1066,(anonymous_127)
FN:1069,(anonymous_128)
FN:1073,(anonymous_129)
FN:1073,(anonymous_130)
FN:1078,(anonymous_131)
FN:1079,(anonymous_132)
FN:1079,(anonymous_133)
FN:1082,(anonymous_134)
FN:1083,(anonymous_135)
FN:1083,(anonymous_136)
FN:1086,(anonymous_137)
FN:1087,(anonymous_138)
FN:1087,(anonymous_139)
FN:1090,(anonymous_140)
FN:1091,(anonymous_141)
FN:1091,(anonymous_142)
FN:1094,(anonymous_143)
FN:1099,(anonymous_144)
FN:1099,(anonymous_145)
FN:1116,(anonymous_146)
FN:1116,(anonymous_147)
FN:1123,(anonymous_148)
FN:1124,(anonymous_149)
FN:1124,(anonymous_150)
FN:1127,(anonymous_151)
FN:1128,(anonymous_152)
FN:1128,(anonymous_153)
FN:1132,(anonymous_154)
FN:1141,(anonymous_155)
FN:1165,(anonymous_156)
FN:1165,(anonymous_157)
FN:1166,(anonymous_158)
FN:1166,(anonymous_159)
FN:1192,(anonymous_160)
FNF:151
FNH:6
FNDA:251,(anonymous_10)
FNDA:6,(anonymous_11)
FNDA:0,(anonymous_12)
FNDA:2,(anonymous_13)
FNDA:0,(anonymous_14)
FNDA:0,(anonymous_15)
FNDA:0,(anonymous_16)
FNDA:0,(anonymous_17)
FNDA:0,(anonymous_18)
FNDA:6,(anonymous_19)
FNDA:0,(anonymous_20)
FNDA:3,(anonymous_21)
FNDA:0,(anonymous_22)
FNDA:4,(anonymous_23)
FNDA:0,(anonymous_24)
FNDA:0,(anonymous_25)
FNDA:0,(anonymous_26)
FNDA:0,(anonymous_27)
FNDA:0,(anonymous_28)
FNDA:0,(anonymous_29)
FNDA:0,(anonymous_30)
FNDA:0,(anonymous_31)
FNDA:0,(anonymous_32)
FNDA:0,(anonymous_33)
FNDA:0,(anonymous_34)
FNDA:0,(anonymous_35)
FNDA:0,(anonymous_36)
FNDA:0,(anonymous_37)
FNDA:0,(anonymous_38)
FNDA:0,(anonymous_39)
FNDA:0,(anonymous_40)
FNDA:0,(anonymous_41)
FNDA:0,(anonymous_42)
FNDA:0,(anonymous_43)
FNDA:0,(anonymous_44)
FNDA:0,(anonymous_45)
FNDA:0,(anonymous_46)
FNDA:0,(anonymous_47)
FNDA:0,(anonymous_48)
FNDA:0,(anonymous_49)
FNDA:0,(anonymous_50)
FNDA:0,(anonymous_51)
FNDA:0,(anonymous_52)
FNDA:0,(anonymous_53)
FNDA:0,(anonymous_54)
FNDA:0,(anonymous_55)
FNDA:0,(anonymous_56)
FNDA:0,(anonymous_57)
FNDA:0,(anonymous_58)
FNDA:0,(anonymous_59)
FNDA:0,(anonymous_60)
FNDA:0,(anonymous_61)
FNDA:0,(anonymous_62)
FNDA:0,(anonymous_63)
FNDA:0,(anonymous_64)
FNDA:0,(anonymous_65)
FNDA:0,(anonymous_66)
FNDA:0,(anonymous_67)
FNDA:0,(anonymous_68)
FNDA:0,(anonymous_69)
FNDA:0,(anonymous_70)
FNDA:0,(anonymous_71)
FNDA:0,(anonymous_72)
FNDA:0,(anonymous_73)
FNDA:0,(anonymous_74)
FNDA:0,(anonymous_75)
FNDA:0,(anonymous_76)
FNDA:0,(anonymous_77)
FNDA:0,(anonymous_78)
FNDA:0,(anonymous_79)
FNDA:0,(anonymous_80)
FNDA:0,(anonymous_81)
FNDA:0,(anonymous_82)
FNDA:0,(anonymous_83)
FNDA:0,(anonymous_84)
FNDA:0,(anonymous_85)
FNDA:0,(anonymous_86)
FNDA:0,(anonymous_87)
FNDA:0,(anonymous_88)
FNDA:0,(anonymous_89)
FNDA:0,(anonymous_90)
FNDA:0,(anonymous_91)
FNDA:0,(anonymous_92)
FNDA:0,(anonymous_93)
FNDA:0,(anonymous_94)
FNDA:0,(anonymous_95)
FNDA:0,(anonymous_96)
FNDA:0,(anonymous_97)
FNDA:0,(anonymous_98)
FNDA:0,(anonymous_99)
FNDA:0,(anonymous_100)
FNDA:0,(anonymous_101)
FNDA:0,(anonymous_102)
FNDA:0,(anonymous_103)
FNDA:0,(anonymous_104)
FNDA:0,(anonymous_105)
FNDA:0,(anonymous_106)
FNDA:0,(anonymous_107)
FNDA:0,(anonymous_108)
FNDA:0,(anonymous_109)
FNDA:0,(anonymous_110)
FNDA:0,(anonymous_111)
FNDA:0,(anonymous_112)
FNDA:0,(anonymous_113)
FNDA:0,(anonymous_114)
FNDA:0,(anonymous_115)
FNDA:0,(anonymous_116)
FNDA:0,(anonymous_117)
FNDA:0,(anonymous_118)
FNDA:0,(anonymous_119)
FNDA:0,(anonymous_120)
FNDA:0,(anonymous_121)
FNDA:0,(anonymous_122)
FNDA:0,(anonymous_123)
FNDA:0,(anonymous_124)
FNDA:0,(anonymous_125)
FNDA:0,(anonymous_126)
FNDA:0,(anonymous_127)
FNDA:0,(anonymous_128)
FNDA:0,(anonymous_129)
FNDA:0,(anonymous_130)
FNDA:0,(anonymous_131)
FNDA:0,(anonymous_132)
FNDA:0,(anonymous_133)
FNDA:0,(anonymous_134)
FNDA:0,(anonymous_135)
FNDA:0,(anonymous_136)
FNDA:0,(anonymous_137)
FNDA:0,(anonymous_138)
FNDA:0,(anonymous_139)
FNDA:0,(anonymous_140)
FNDA:0,(anonymous_141)
FNDA:0,(anonymous_142)
FNDA:0,(anonymous_143)
FNDA:0,(anonymous_144)
FNDA:0,(anonymous_145)
FNDA:0,(anonymous_146)
FNDA:0,(anonymous_147)
FNDA:0,(anonymous_148)
FNDA:0,(anonymous_149)
FNDA:0,(anonymous_150)
FNDA:0,(anonymous_151)
FNDA:0,(anonymous_152)
FNDA:0,(anonymous_153)
FNDA:0,(anonymous_154)
FNDA:0,(anonymous_155)
FNDA:0,(anonymous_156)
FNDA:0,(anonymous_157)
FNDA:0,(anonymous_158)
FNDA:0,(anonymous_159)
FNDA:0,(anonymous_160)
DA:3,1
DA:4,1
DA:6,1
DA:7,1
DA:8,1
DA:10,1
DA:11,1
DA:12,1
DA:13,1
DA:14,1
DA:21,1
DA:22,1
DA:26,1
DA:27,1
DA:28,1
DA:83,1
DA:87,251
DA:89,6
DA:106,1
DA:121,2
DA:142,1
DA:161,1
DA:180,1
DA:197,1
DA:228,1
DA:256,1
DA:257,6
DA:258,6
DA:260,6
DA:261,6
DA:263,6
DA:287,1
DA:305,3
DA:313,1
DA:319,4
DA:344,1
DA:369,1
DA:379,1
DA:380,0
DA:381,0
DA:382,0
DA:383,0
DA:384,0
DA:385,0
DA:386,0
DA:387,0
DA:388,0
DA:389,0
DA:390,0
DA:391,0
DA:400,0
DA:401,0
DA:402,0
DA:403,0
DA:404,0
DA:405,0
DA:406,0
DA:407,0
DA:408,0
DA:411,0
DA:412,0
DA:413,0
DA:414,0
DA:415,0
DA:416,0
DA:417,0
DA:419,0
DA:420,0
DA:424,0
DA:425,0
DA:426,0
DA:427,0
DA:428,0
DA:429,0
DA:430,0
DA:432,0
DA:433,0
DA:437,0
DA:438,0
DA:439,0
DA:440,0
DA:441,0
DA:442,0
DA:443,0
DA:445,0
DA:446,0
DA:450,0
DA:451,0
DA:452,0
DA:453,0
DA:454,0
DA:455,0
DA:456,0
DA:458,0
DA:459,0
DA:463,0
DA:464,0
DA:465,0
DA:466,0
DA:467,0
DA:468,0
DA:469,0
DA:471,0
DA:472,0
DA:473,0
DA:477,0
DA:478,0
DA:479,0
DA:480,0
DA:481,0
DA:482,0
DA:483,0
DA:485,0
DA:486,0
DA:490,0
DA:491,0
DA:492,0
DA:493,0
DA:494,0
DA:495,0
DA:496,0
DA:498,0
DA:499,0
DA:503,0
DA:504,0
DA:507,0
DA:509,0
DA:510,0
DA:511,0
DA:513,0
DA:514,0
DA:515,0
DA:516,0
DA:518,0
DA:519,0
DA:520,0
DA:521,0
DA:523,0
DA:526,0
DA:527,0
DA:528,0
DA:529,0
DA:530,0
DA:531,0
DA:532,0
DA:533,0
DA:534,0
DA:537,0
DA:542,0
DA:543,0
DA:544,0
DA:545,0
DA:547,0
DA:550,0
DA:551,0
DA:552,0
DA:554,0
DA:555,0
DA:558,0
DA:565,0
DA:568,0
DA:569,0
DA:570,0
DA:574,0
DA:575,0
DA:576,0
DA:577,0
DA:580,0
DA:583,0
DA:584,0
DA:586,0
DA:590,0
DA:591,0
DA:592,0
DA:596,0
DA:597,0
DA:598,0
DA:599,0
DA:600,0
DA:601,0
DA:602,0
DA:603,0
DA:604,0
DA:613,0
DA:615,0
DA:616,0
DA:618,0
DA:619,0
DA:620,0
DA:622,0
DA:623,0
DA:624,0
DA:629,0
DA:631,0
DA:632,0
DA:633,0
DA:634,0
DA:637,0
DA:638,0
DA:639,0
DA:640,0
DA:642,0
DA:645,0
DA:649,0
DA:650,0
DA:651,0
DA:652,0
DA:653,0
DA:665,0
DA:666,0
DA:667,0
DA:672,0
DA:684,0
DA:685,0
DA:693,0
DA:694,0
DA:695,0
DA:697,0
DA:699,0
DA:700,0
DA:705,0
DA:711,0
DA:712,0
DA:714,0
DA:715,0
DA:716,0
DA:719,0
DA:720,0
DA:721,0
DA:723,0
DA:724,0
DA:728,0
DA:729,0
DA:730,0
DA:731,0
DA:732,0
DA:733,0
DA:735,0
DA:736,0
DA:738,0
DA:739,0
DA:741,0
DA:744,0
DA:745,0
DA:746,0
DA:747,0
DA:748,0
DA:749,0
DA:750,0
DA:752,0
DA:753,0
DA:755,0
DA:756,0
DA:758,0
DA:761,0
DA:762,0
DA:763,0
DA:764,0
DA:765,0
DA:766,0
DA:768,0
DA:769,0
DA:770,0
DA:773,0
DA:774,0
DA:775,0
DA:776,0
DA:777,0
DA:778,0
DA:780,0
DA:781,0
DA:783,0
DA:784,0
DA:786,0
DA:789,0
DA:790,0
DA:791,0
DA:792,0
DA:793,0
DA:794,0
DA:795,0
DA:797,0
DA:798,0
DA:800,0
DA:801,0
DA:803,0
DA:806,0
DA:807,0
DA:808,0
DA:809,0
DA:810,0
DA:811,0
DA:813,0
DA:814,0
DA:815,0
DA:818,0
DA:819,0
DA:820,0
DA:821,0
DA:822,0
DA:823,0
DA:825,0
DA:826,0
DA:828,0
DA:829,0
DA:831,0
DA:834,0
DA:835,0
DA:836,0
DA:837,0
DA:838,0
DA:839,0
DA:840,0
DA:842,0
DA:843,0
DA:845,0
DA:846,0
DA:848,0
DA:851,0
DA:852,0
DA:853,0
DA:854,0
DA:855,0
DA:856,0
DA:858,0
DA:859,0
DA:860,0
DA:863,0
DA:864,0
DA:865,0
DA:866,0
DA:867,0
DA:868,0
DA:870,0
DA:871,0
DA:873,0
DA:874,0
DA:876,0
DA:879,0
DA:880,0
DA:881,0
DA:882,0
DA:883,0
DA:884,0
DA:885,0
DA:887,0
DA:888,0
DA:890,0
DA:891,0
DA:893,0
DA:896,0
DA:897,0
DA:898,0
DA:899,0
DA:900,0
DA:901,0
DA:903,0
DA:904,0
DA:905,0
DA:909,0
DA:910,0
DA:912,0
DA:918,0
DA:919,0
DA:920,0
DA:923,0
DA:924,0
DA:925,0
DA:929,0
DA:930,0
DA:931,0
DA:932,0
DA:934,0
DA:935,0
DA:937,0
DA:938,0
DA:940,0
DA:943,0
DA:944,0
DA:945,0
DA:946,0
DA:947,0
DA:948,0
DA:950,0
DA:951,0
DA:953,0
DA:954,0
DA:956,0
DA:959,0
DA:960,0
DA:961,0
DA:962,0
DA:963,0
DA:964,0
DA:965,0
DA:966,0
DA:968,0
DA:969,0
DA:972,0
DA:973,0
DA:975,0
DA:979,0
DA:980,0
DA:981,0
DA:982,0
DA:983,0
DA:985,0
DA:986,0
DA:987,0
DA:990,0
DA:991,0
DA:992,0
DA:993,0
DA:994,0
DA:995,0
DA:997,0
DA:998,0
DA:1000,0
DA:1001,0
DA:1003,0
DA:1006,0
DA:1007,0
DA:1008,0
DA:1009,0
DA:1010,0
DA:1011,0
DA:1013,0
DA:1014,0
DA:1016,0
DA:1017,0
DA:1019,0
DA:1022,0
DA:1023,0
DA:1024,0
DA:1025,0
DA:1026,0
DA:1027,0
DA:1029,0
DA:1030,0
DA:1031,0
DA:1034,0
DA:1035,0
DA:1036,0
DA:1037,0
DA:1038,0
DA:1039,0
DA:1041,0
DA:1042,0
DA:1044,0
DA:1045,0
DA:1047,0
DA:1050,0
DA:1051,0
DA:1052,0
DA:1053,0
DA:1054,0
DA:1055,0
DA:1057,0
DA:1058,0
DA:1060,0
DA:1061,0
DA:1063,0
DA:1066,0
DA:1067,0
DA:1068,0
DA:1069,0
DA:1070,0
DA:1071,0
DA:1073,0
DA:1074,0
DA:1075,0
DA:1078,0
DA:1079,0
DA:1080,0
DA:1082,0
DA:1083,0
DA:1084,0
DA:1086,0
DA:1087,0
DA:1088,0
DA:1090,0
DA:1091,0
DA:1092,0
DA:1094,0
DA:1095,0
DA:1096,0
DA:1097,0
DA:1098,0
DA:1099,0
DA:1100,0
DA:1102,0
DA:1105,0
DA:1107,0
DA:1110,0
DA:1111,0
DA:1112,0
DA:1113,0
DA:1114,0
DA:1116,0
DA:1117,0
DA:1119,0
DA:1120,0
DA:1123,0
DA:1124,0
DA:1125,0
DA:1127,0
DA:1128,0
DA:1129,0
DA:1132,0
DA:1133,0
DA:1134,0
DA:1135,0
DA:1137,0
DA:1141,0
DA:1142,0
DA:1143,0
DA:1145,0
DA:1146,0
DA:1150,0
DA:1165,0
DA:1166,0
DA:1192,1
DA:1193,0
DA:1194,0
DA:1195,0
DA:1197,0
LF:526
LH:39
BRDA:87,0,0,8
BRDA:87,0,1,243
BRDA:87,1,0,251
BRDA:87,1,1,244
BRDA:99,2,0,6
BRDA:99,2,1,1
BRDA:102,3,0,6
BRDA:102,3,1,1
BRDA:136,4,0,2
BRDA:136,4,1,0
BRDA:138,5,0,2
BRDA:138,5,1,0
BRDA:174,6,0,0
BRDA:174,6,1,0
BRDA:176,7,0,0
BRDA:176,7,1,0
BRDA:204,8,0,0
BRDA:204,8,1,0
BRDA:219,9,0,0
BRDA:219,9,1,0
BRDA:224,10,0,0
BRDA:224,10,1,0
BRDA:234,11,0,0
BRDA:234,11,1,0
BRDA:260,12,0,5
BRDA:260,12,1,1
BRDA:260,13,0,1
BRDA:260,13,1,0
BRDA:261,14,0,6
BRDA:261,14,1,0
BRDA:261,15,0,0
BRDA:261,15,1,0
BRDA:261,16,0,0
BRDA:261,16,1,0
BRDA:279,17,0,4
BRDA:279,17,1,2
BRDA:280,18,0,6
BRDA:280,18,1,0
BRDA:280,19,0,6
BRDA:280,19,1,6
BRDA:282,20,0,6
BRDA:282,20,1,0
BRDA:296,21,0,0
BRDA:296,21,1,0
BRDA:297,22,0,0
BRDA:297,22,1,0
BRDA:298,23,0,0
BRDA:298,23,1,0
BRDA:309,24,0,3
BRDA:309,24,1,0
BRDA:340,25,0,4
BRDA:340,25,1,0
BRDA:411,26,0,0
BRDA:412,27,0,0
BRDA:412,27,1,0
BRDA:412,28,0,0
BRDA:412,28,1,0
BRDA:412,28,2,0
BRDA:416,29,0,0
BRDA:416,29,1,0
BRDA:424,30,0,0
BRDA:425,31,0,0
BRDA:425,31,1,0
BRDA:425,32,0,0
BRDA:425,32,1,0
BRDA:425,32,2,0
BRDA:429,33,0,0
BRDA:429,33,1,0
BRDA:437,34,0,0
BRDA:438,35,0,0
BRDA:438,35,1,0
BRDA:438,36,0,0
BRDA:438,36,1,0
BRDA:438,36,2,0
BRDA:442,37,0,0
BRDA:442,37,1,0
BRDA:450,38,0,0
BRDA:451,39,0,0
BRDA:451,39,1,0
BRDA:451,40,0,0
BRDA:451,40,1,0
BRDA:451,40,2,0
BRDA:455,41,0,0
BRDA:455,41,1,0
BRDA:463,42,0,0
BRDA:464,43,0,0
BRDA:464,43,1,0
BRDA:464,44,0,0
BRDA:464,44,1,0
BRDA:464,44,2,0
BRDA:468,45,0,0
BRDA:468,45,1,0
BRDA:477,46,0,0
BRDA:478,47,0,0
BRDA:478,47,1,0
BRDA:478,48,0,0
BRDA:478,48,1,0
BRDA:478,48,2,0
BRDA:482,49,0,0
BRDA:482,49,1,0
BRDA:490,50,0,0
BRDA:491,51,0,0
BRDA:491,51,1,0
BRDA:491,52,0,0
BRDA:491,52,1,0
BRDA:491,52,2,0
BRDA:495,53,0,0
BRDA:495,53,1,0
BRDA:504,54,0,0
BRDA:504,54,1,0
BRDA:504,55,0,0
BRDA:504,55,1,0
BRDA:507,56,0,0
BRDA:507,56,1,0
BRDA:510,57,0,0
BRDA:510,57,1,0
BRDA:520,58,0,0
BRDA:520,58,1,0
BRDA:520,59,0,0
BRDA:520,59,1,0
BRDA:520,59,2,0
BRDA:526,60,0,0
BRDA:526,60,1,0
BRDA:528,61,0,0
BRDA:528,61,1,0
BRDA:529,62,0,0
BRDA:529,62,1,0
BRDA:530,63,0,0
BRDA:530,63,1,0
BRDA:531,64,0,0
BRDA:531,64,1,0
BRDA:532,65,0,0
BRDA:532,65,1,0
BRDA:533,66,0,0
BRDA:533,66,1,0
BRDA:534,67,0,0
BRDA:534,67,1,0
BRDA:543,68,0,0
BRDA:543,68,1,0
BRDA:551,69,0,0
BRDA:551,69,1,0
BRDA:555,70,0,0
BRDA:555,70,1,0
BRDA:555,71,0,0
BRDA:555,71,1,0
BRDA:568,72,0,0
BRDA:568,72,1,0
BRDA:574,73,0,0
BRDA:574,73,1,0
BRDA:577,74,0,0
BRDA:577,74,1,0
BRDA:591,75,0,0
BRDA:591,75,1,0
BRDA:597,76,0,0
BRDA:597,76,1,0
BRDA:597,76,2,0
BRDA:597,76,3,0
BRDA:597,76,4,0
BRDA:597,76,5,0
BRDA:597,76,6,0
BRDA:613,77,0,0
BRDA:613,78,0,0
BRDA:613,79,0,0
BRDA:613,80,0,0
BRDA:615,81,0,0
BRDA:615,81,1,0
BRDA:615,82,0,0
BRDA:615,82,1,0
BRDA:615,83,0,0
BRDA:615,83,1,0
BRDA:615,84,0,0
BRDA:615,84,1,0
BRDA:622,85,0,0
BRDA:622,85,1,0
BRDA:622,86,0,0
BRDA:622,86,1,0
BRDA:622,86,2,0
BRDA:624,87,0,0
BRDA:624,87,1,0
BRDA:625,88,0,0
BRDA:625,88,1,0
BRDA:626,89,0,0
BRDA:626,89,1,0
BRDA:631,90,0,0
BRDA:631,90,1,0
BRDA:631,91,0,0
BRDA:631,91,1,0
BRDA:633,92,0,0
BRDA:633,92,1,0
BRDA:633,93,0,0
BRDA:633,93,1,0
BRDA:637,94,0,0
BRDA:637,94,1,0
BRDA:640,95,0,0
BRDA:640,95,1,0
BRDA:640,95,2,0
BRDA:640,95,3,0
BRDA:649,96,0,0
BRDA:649,96,1,0
BRDA:649,97,0,0
BRDA:649,97,1,0
BRDA:650,98,0,0
BRDA:650,98,1,0
BRDA:665,99,0,0
BRDA:665,99,1,0
BRDA:676,100,0,0
BRDA:676,100,1,0
BRDA:677,101,0,0
BRDA:677,101,1,0
BRDA:677,102,0,0
BRDA:677,102,1,0
BRDA:677,103,0,0
BRDA:677,103,1,0
BRDA:684,104,0,0
BRDA:684,104,1,0
BRDA:699,105,0,0
BRDA:699,105,1,0
BRDA:700,106,0,0
BRDA:700,106,1,0
BRDA:714,107,0,0
BRDA:714,107,1,0
BRDA:728,108,0,0
BRDA:728,109,0,0
BRDA:728,110,0,0
BRDA:731,111,0,0
BRDA:731,111,1,0
BRDA:736,112,0,0
BRDA:736,112,1,0
BRDA:738,113,0,0
BRDA:738,113,1,0
BRDA:738,114,0,0
BRDA:738,114,1,0
BRDA:738,114,2,0
BRDA:738,114,3,0
BRDA:744,115,0,0
BRDA:744,116,0,0
BRDA:744,117,0,0
BRDA:748,118,0,0
BRDA:748,118,1,0
BRDA:752,119,0,0
BRDA:752,119,1,0
BRDA:753,120,0,0
BRDA:753,120,1,0
BRDA:755,121,0,0
BRDA:755,121,1,0
BRDA:755,122,0,0
BRDA:755,122,1,0
BRDA:755,122,2,0
BRDA:755,122,3,0
BRDA:761,123,0,0
BRDA:761,124,0,0
BRDA:761,125,0,0
BRDA:763,126,0,0
BRDA:763,126,1,0
BRDA:765,127,0,0
BRDA:765,127,1,0
BRDA:765,128,0,0
BRDA:765,128,1,0
BRDA:765,129,0,0
BRDA:765,129,1,0
BRDA:769,130,0,0
BRDA:769,130,1,0
BRDA:773,131,0,0
BRDA:773,132,0,0
BRDA:773,133,0,0
BRDA:776,134,0,0
BRDA:776,134,1,0
BRDA:781,135,0,0
BRDA:781,135,1,0
BRDA:783,136,0,0
BRDA:783,136,1,0
BRDA:783,137,0,0
BRDA:783,137,1,0
BRDA:783,137,2,0
BRDA:783,137,3,0
BRDA:789,138,0,0
BRDA:789,139,0,0
BRDA:789,140,0,0
BRDA:793,141,0,0
BRDA:793,141,1,0
BRDA:797,142,0,0
BRDA:797,142,1,0
BRDA:798,143,0,0
BRDA:798,143,1,0
BRDA:800,144,0,0
BRDA:800,144,1,0
BRDA:800,145,0,0
BRDA:800,145,1,0
BRDA:800,145,2,0
BRDA:800,145,3,0
BRDA:806,146,0,0
BRDA:806,147,0,0
BRDA:806,148,0,0
BRDA:808,149,0,0
BRDA:808,149,1,0
BRDA:810,150,0,0
BRDA:810,150,1,0
BRDA:810,151,0,0
BRDA:810,151,1,0
BRDA:810,152,0,0
BRDA:810,152,1,0
BRDA:814,153,0,0
BRDA:814,153,1,0
BRDA:818,154,0,0
BRDA:818,155,0,0
BRDA:818,156,0,0
BRDA:821,157,0,0
BRDA:821,157,1,0
BRDA:826,158,0,0
BRDA:826,158,1,0
BRDA:828,159,0,0
BRDA:828,159,1,0
BRDA:828,160,0,0
BRDA:828,160,1,0
BRDA:828,160,2,0
BRDA:828,160,3,0
BRDA:834,161,0,0
BRDA:834,162,0,0
BRDA:834,163,0,0
BRDA:838,164,0,0
BRDA:838,164,1,0
BRDA:842,165,0,0
BRDA:842,165,1,0
BRDA:843,166,0,0
BRDA:843,166,1,0
BRDA:845,167,0,0
BRDA:845,167,1,0
BRDA:845,168,0,0
BRDA:845,168,1,0
BRDA:845,168,2,0
BRDA:845,168,3,0
BRDA:851,169,0,0
BRDA:851,170,0,0
BRDA:851,171,0,0
BRDA:853,172,0,0
BRDA:853,172,1,0
BRDA:855,173,0,0
BRDA:855,173,1,0
BRDA:855,174,0,0
BRDA:855,174,1,0
BRDA:855,175,0,0
BRDA:855,175,1,0
BRDA:859,176,0,0
BRDA:859,176,1,0
BRDA:863,177,0,0
BRDA:863,178,0,0
BRDA:863,179,0,0
BRDA:866,180,0,0
BRDA:866,180,1,0
BRDA:871,181,0,0
BRDA:871,181,1,0
BRDA:873,182,0,0
BRDA:873,182,1,0
BRDA:873,183,0,0
BRDA:873,183,1,0
BRDA:873,183,2,0
BRDA:873,183,3,0
BRDA:879,184,0,0
BRDA:879,185,0,0
BRDA:879,186,0,0
BRDA:883,187,0,0
BRDA:883,187,1,0
BRDA:887,188,0,0
BRDA:887,188,1,0
BRDA:888,189,0,0
BRDA:888,189,1,0
BRDA:890,190,0,0
BRDA:890,190,1,0
BRDA:890,191,0,0
BRDA:890,191,1,0
BRDA:890,191,2,0
BRDA:890,191,3,0
BRDA:896,192,0,0
BRDA:896,193,0,0
BRDA:896,194,0,0
BRDA:898,195,0,0
BRDA:898,195,1,0
BRDA:900,196,0,0
BRDA:900,196,1,0
BRDA:900,197,0,0
BRDA:900,197,1,0
BRDA:900,198,0,0
BRDA:900,198,1,0
BRDA:904,199,0,0
BRDA:904,199,1,0
BRDA:909,200,0,0
BRDA:909,201,0,0
BRDA:909,202,0,0
BRDA:918,203,0,0
BRDA:918,203,1,0
BRDA:924,204,0,0
BRDA:924,204,1,0
BRDA:930,205,0,0
BRDA:930,205,1,0
BRDA:931,206,0,0
BRDA:931,206,1,0
BRDA:935,207,0,0
BRDA:935,207,1,0
BRDA:937,208,0,0
BRDA:937,208,1,0
BRDA:937,209,0,0
BRDA:937,209,1,0
BRDA:937,209,2,0
BRDA:937,209,3,0
BRDA:938,210,0,0
BRDA:938,210,1,0
BRDA:943,211,0,0
BRDA:943,212,0,0
BRDA:943,213,0,0
BRDA:946,214,0,0
BRDA:946,214,1,0
BRDA:947,215,0,0
BRDA:947,215,1,0
BRDA:950,216,0,0
BRDA:950,216,1,0
BRDA:951,217,0,0
BRDA:951,217,1,0
BRDA:953,218,0,0
BRDA:953,218,1,0
BRDA:953,219,0,0
BRDA:953,219,1,0
BRDA:953,219,2,0
BRDA:953,219,3,0
BRDA:954,220,0,0
BRDA:954,220,1,0
BRDA:959,221,0,0
BRDA:959,222,0,0
BRDA:959,223,0,0
BRDA:960,224,0,0
BRDA:960,224,1,0
BRDA:960,225,0,0
BRDA:960,225,1,0
BRDA:960,226,0,0
BRDA:960,226,1,0
BRDA:963,227,0,0
BRDA:963,227,1,0
BRDA:965,228,0,0
BRDA:965,228,1,0
BRDA:968,229,0,0
BRDA:968,229,1,0
BRDA:972,230,0,0
BRDA:972,230,1,0
BRDA:972,231,0,0
BRDA:972,231,1,0
BRDA:980,232,0,0
BRDA:980,232,1,0
BRDA:982,233,0,0
BRDA:982,233,1,0
BRDA:982,233,2,0
BRDA:982,234,0,0
BRDA:982,234,1,0
BRDA:982,235,0,0
BRDA:982,235,1,0
BRDA:982,236,0,0
BRDA:982,236,1,0
BRDA:982,237,0,0
BRDA:982,237,1,0
BRDA:986,238,0,0
BRDA:986,238,1,0
BRDA:990,239,0,0
BRDA:990,240,0,0
BRDA:990,241,0,0
BRDA:993,242,0,0
BRDA:993,242,1,0
BRDA:998,243,0,0
BRDA:998,243,1,0
BRDA:1000,244,0,0
BRDA:1000,244,1,0
BRDA:1000,245,0,0
BRDA:1000,245,1,0
BRDA:1000,245,2,0
BRDA:1000,245,3,0
BRDA:1006,246,0,0
BRDA:1006,247,0,0
BRDA:1006,248,0,0
BRDA:1009,249,0,0
BRDA:1009,249,1,0
BRDA:1013,250,0,0
BRDA:1013,250,1,0
BRDA:1014,251,0,0
BRDA:1014,251,1,0
BRDA:1016,252,0,0
BRDA:1016,252,1,0
BRDA:1016,253,0,0
BRDA:1016,253,1,0
BRDA:1016,253,2,0
BRDA:1016,253,3,0
BRDA:1022,254,0,0
BRDA:1022,255,0,0
BRDA:1022,256,0,0
BRDA:1024,257,0,0
BRDA:1024,257,1,0
BRDA:1026,258,0,0
BRDA:1026,258,1,0
BRDA:1026,259,0,0
BRDA:1026,259,1,0
BRDA:1026,260,0,0
BRDA:1026,260,1,0
BRDA:1030,261,0,0
BRDA:1030,261,1,0
BRDA:1034,262,0,0
BRDA:1034,263,0,0
BRDA:1034,264,0,0
BRDA:1037,265,0,0
BRDA:1037,265,1,0
BRDA:1042,266,0,0
BRDA:1042,266,1,0
BRDA:1044,267,0,0
BRDA:1044,267,1,0
BRDA:1044,268,0,0
BRDA:1044,268,1,0
BRDA:1044,268,2,0
BRDA:1044,268,3,0
BRDA:1050,269,0,0
BRDA:1050,270,0,0
BRDA:1050,271,0,0
BRDA:1053,272,0,0
BRDA:1053,272,1,0
BRDA:1057,273,0,0
BRDA:1057,273,1,0
BRDA:1058,274,0,0
BRDA:1058,274,1,0
BRDA:1060,275,0,0
BRDA:1060,275,1,0
BRDA:1060,276,0,0
BRDA:1060,276,1,0
BRDA:1060,276,2,0
BRDA:1060,276,3,0
BRDA:1066,277,0,0
BRDA:1066,278,0,0
BRDA:1066,279,0,0
BRDA:1068,280,0,0
BRDA:1068,280,1,0
BRDA:1070,281,0,0
BRDA:1070,281,1,0
BRDA:1070,282,0,0
BRDA:1070,282,1,0
BRDA:1070,283,0,0
BRDA:1070,283,1,0
BRDA:1074,284,0,0
BRDA:1074,284,1,0
BRDA:1095,285,0,0
BRDA:1095,285,1,0
BRDA:1095,286,0,0
BRDA:1095,286,1,0
BRDA:1095,287,0,0
BRDA:1095,287,1,0
BRDA:1098,288,0,0
BRDA:1098,288,1,0
BRDA:1112,289,0,0
BRDA:1112,289,1,0
BRDA:1135,290,0,0
BRDA:1135,290,1,0
BRDA:1180,291,0,0
BRDA:1180,291,1,0
BRDA:1194,292,0,0
BRDA:1194,292,1,0
BRF:557
BRH:22
end_of_record
TN:
SF:src\features\employees\logic\employee-import-validator.ts
FN:6,(anonymous_0)
FN:24,(anonymous_1)
FN:27,(anonymous_2)
FN:37,(anonymous_3)
FN:68,(anonymous_4)
FN:73,(anonymous_5)
FN:100,(anonymous_6)
FN:134,(anonymous_7)
FN:210,(anonymous_8)
FN:226,(anonymous_9)
FN:301,(anonymous_10)
FN:315,(anonymous_11)
FNF:12
FNH:11
FNDA:27,(anonymous_0)
FNDA:142,(anonymous_1)
FNDA:58,(anonymous_2)
FNDA:57,(anonymous_3)
FNDA:30,(anonymous_4)
FNDA:377,(anonymous_5)
FNDA:58,(anonymous_6)
FNDA:174,(anonymous_7)
FNDA:3,(anonymous_8)
FNDA:3,(anonymous_9)
FNDA:0,(anonymous_10)
FNDA:10,(anonymous_11)
DA:2,1
DA:6,1
DA:12,27
DA:13,27
DA:14,27
DA:15,27
DA:17,27
DA:18,27
DA:19,27
DA:24,142
DA:27,27
DA:28,58
DA:31,58
DA:32,58
DA:33,58
DA:34,58
DA:37,27
DA:38,57
DA:39,57
DA:41,57
DA:42,0
DA:43,0
DA:48,57
DA:49,2
DA:50,2
DA:51,55
DA:52,53
DA:53,53
DA:54,2
DA:55,2
DA:56,2
DA:59,57
DA:60,57
DA:62,0
DA:65,27
DA:66,30
DA:67,30
DA:68,30
DA:69,29
DA:71,29
DA:72,29
DA:73,29
DA:74,377
DA:77,29
DA:80,29
DA:81,29
DA:82,1
DA:83,1
DA:85,28
DA:86,1
DA:87,1
DA:89,28
DA:90,1
DA:91,1
DA:96,29
DA:97,29
DA:100,29
DA:102,58
DA:120,58
DA:129,58
DA:130,58
DA:131,1508
DA:134,174
DA:136,58
DA:139,58
DA:140,58
DA:144,29
DA:145,29
DA:147,29
DA:148,29
DA:150,29
DA:151,29
DA:153,29
DA:154,29
DA:155,0
DA:156,0
DA:158,29
DA:159,0
DA:160,0
DA:164,29
DA:165,29
DA:166,1
DA:167,1
DA:168,28
DA:169,1
DA:170,1
DA:171,27
DA:172,1
DA:173,1
DA:174,26
DA:176,1
DA:177,1
DA:181,29
DA:182,29
DA:183,29
DA:185,29
DA:186,1
DA:187,1
DA:189,28
DA:190,28
DA:191,1
DA:192,1
DA:193,27
DA:194,0
DA:195,0
DA:203,29
DA:204,29
DA:205,29
DA:206,0
DA:207,0
DA:208,29
DA:210,3
DA:211,3
DA:212,1
DA:213,1
DA:219,29
DA:220,29
DA:221,29
DA:222,0
DA:223,0
DA:224,29
DA:226,3
DA:227,3
DA:228,1
DA:229,1
DA:235,29
DA:236,29
DA:237,29
DA:238,29
DA:239,0
DA:240,0
DA:242,29
DA:243,29
DA:244,0
DA:245,0
DA:246,29
DA:247,0
DA:248,0
DA:260,29
DA:264,2
DA:265,2
DA:271,29
DA:272,29
DA:273,1
DA:274,1
DA:275,28
DA:276,1
DA:277,1
DA:279,29
DA:282,29
DA:283,29
DA:284,29
DA:285,1
DA:286,1
DA:287,28
DA:288,1
DA:289,1
DA:290,27
DA:291,1
DA:292,1
DA:293,26
DA:294,2
DA:295,2
DA:298,29
DA:301,10
DA:302,0
DA:303,0
DA:304,0
DA:307,10
DA:308,10
DA:310,10
DA:311,10
DA:313,10
DA:316,10
DA:317,10
DA:318,10
DA:338,10
DA:339,10
DA:340,10
DA:343,27
LF:180
LH:158
BRDA:28,0,0,0
BRDA:28,0,1,58
BRDA:34,1,0,58
BRDA:34,1,1,56
BRDA:34,1,2,3
BRDA:38,2,0,0
BRDA:38,2,1,57
BRDA:41,3,0,0
BRDA:41,3,1,57
BRDA:48,4,0,2
BRDA:48,4,1,55
BRDA:51,5,0,53
BRDA:51,5,1,2
BRDA:54,6,0,2
BRDA:54,6,1,0
BRDA:59,7,0,57
BRDA:59,7,1,0
BRDA:59,8,0,57
BRDA:59,8,1,57
BRDA:59,8,2,57
BRDA:67,9,0,1
BRDA:67,9,1,29
BRDA:67,10,0,30
BRDA:67,10,1,30
BRDA:68,11,0,30
BRDA:68,11,1,30
BRDA:68,11,2,30
BRDA:69,12,0,0
BRDA:69,12,1,29
BRDA:80,13,0,29
BRDA:80,13,1,1
BRDA:81,14,0,1
BRDA:81,14,1,28
BRDA:85,15,0,1
BRDA:85,15,1,27
BRDA:89,16,0,1
BRDA:89,16,1,27
BRDA:96,17,0,29
BRDA:96,17,1,0
BRDA:96,17,2,0
BRDA:97,18,0,29
BRDA:97,18,1,0
BRDA:134,19,0,174
BRDA:134,19,1,169
BRDA:144,20,0,29
BRDA:144,20,1,0
BRDA:144,20,2,0
BRDA:145,21,0,29
BRDA:145,21,1,0
BRDA:150,22,0,0
BRDA:150,22,1,29
BRDA:151,23,0,0
BRDA:151,23,1,29
BRDA:154,24,0,0
BRDA:154,24,1,29
BRDA:154,25,0,29
BRDA:154,25,1,29
BRDA:158,26,0,0
BRDA:158,26,1,29
BRDA:158,27,0,29
BRDA:158,27,1,29
BRDA:164,28,0,29
BRDA:164,28,1,1
BRDA:165,29,0,1
BRDA:165,29,1,28
BRDA:168,30,0,1
BRDA:168,30,1,27
BRDA:171,31,0,1
BRDA:171,31,1,26
BRDA:174,32,0,1
BRDA:174,32,1,25
BRDA:183,33,0,29
BRDA:183,33,1,0
BRDA:183,34,0,29
BRDA:183,34,1,0
BRDA:185,35,0,1
BRDA:185,35,1,28
BRDA:185,36,0,29
BRDA:185,36,1,29
BRDA:190,37,0,1
BRDA:190,37,1,27
BRDA:193,38,0,0
BRDA:193,38,1,27
BRDA:203,39,0,29
BRDA:203,39,1,0
BRDA:204,40,0,29
BRDA:204,40,1,0
BRDA:205,41,0,0
BRDA:205,41,1,29
BRDA:208,42,0,3
BRDA:208,42,1,26
BRDA:208,43,0,29
BRDA:208,43,1,3
BRDA:211,44,0,1
BRDA:211,44,1,2
BRDA:219,45,0,29
BRDA:219,45,1,0
BRDA:220,46,0,29
BRDA:220,46,1,0
BRDA:221,47,0,0
BRDA:221,47,1,29
BRDA:224,48,0,3
BRDA:224,48,1,26
BRDA:224,49,0,29
BRDA:224,49,1,3
BRDA:227,50,0,1
BRDA:227,50,1,2
BRDA:237,51,0,29
BRDA:237,51,1,0
BRDA:237,52,0,29
BRDA:237,52,1,0
BRDA:238,53,0,0
BRDA:238,53,1,29
BRDA:238,54,0,29
BRDA:238,54,1,29
BRDA:243,55,0,0
BRDA:243,55,1,29
BRDA:246,56,0,0
BRDA:246,56,1,29
BRDA:260,57,0,2
BRDA:260,57,1,27
BRDA:260,58,0,29
BRDA:260,58,1,28
BRDA:260,58,2,28
BRDA:271,59,0,29
BRDA:271,59,1,1
BRDA:272,60,0,1
BRDA:272,60,1,28
BRDA:275,61,0,1
BRDA:275,61,1,27
BRDA:275,62,0,28
BRDA:275,62,1,27
BRDA:279,63,0,1
BRDA:279,63,1,28
BRDA:282,64,0,29
BRDA:282,64,1,1
BRDA:284,65,0,1
BRDA:284,65,1,28
BRDA:287,66,0,1
BRDA:287,66,1,27
BRDA:290,67,0,1
BRDA:290,67,1,26
BRDA:293,68,0,2
BRDA:293,68,1,24
BRDA:293,69,0,26
BRDA:293,69,1,25
BRDA:298,70,0,19
BRDA:298,70,1,10
BRDA:302,71,0,0
BRDA:302,71,1,0
BRDA:304,72,0,0
BRDA:304,72,1,0
BRDA:310,73,0,10
BRDA:310,73,1,0
BRDA:311,74,0,10
BRDA:311,74,1,0
BRDA:316,75,0,10
BRDA:316,75,1,0
BRDA:318,76,0,10
BRDA:318,76,1,0
BRDA:318,77,0,10
BRDA:318,77,1,10
BRDA:340,78,0,10
BRDA:340,78,1,0
BRF:164
BRH:125
end_of_record
TN:
SF:src\features\notifications\hooks\useSystemAlerts.ts
FN:39,(anonymous_0)
FN:42,(anonymous_1)
FN:47,(anonymous_2)
FN:48,(anonymous_3)
FN:49,(anonymous_4)
FN:52,(anonymous_5)
FN:54,(anonymous_6)
FN:62,(anonymous_7)
FN:64,(anonymous_8)
FN:79,(anonymous_9)
FN:80,(anonymous_10)
FN:105,(anonymous_11)
FN:118,(anonymous_12)
FN:133,(anonymous_13)
FN:145,(anonymous_14)
FN:146,(anonymous_15)
FN:147,(anonymous_16)
FN:148,(anonymous_17)
FN:149,(anonymous_18)
FN:152,(anonymous_19)
FN:227,(anonymous_20)
FN:259,(anonymous_21)
FN:260,(anonymous_22)
FNF:23
FNH:19
FNDA:6,(anonymous_0)
FNDA:6,(anonymous_1)
FNDA:3,(anonymous_2)
FNDA:4,(anonymous_3)
FNDA:3,(anonymous_4)
FNDA:45,(anonymous_5)
FNDA:20,(anonymous_6)
FNDA:11,(anonymous_7)
FNDA:2,(anonymous_8)
FNDA:40,(anonymous_9)
FNDA:16,(anonymous_10)
FNDA:4,(anonymous_11)
FNDA:0,(anonymous_12)
FNDA:9,(anonymous_13)
FNDA:2,(anonymous_14)
FNDA:4,(anonymous_15)
FNDA:0,(anonymous_16)
FNDA:0,(anonymous_17)
FNDA:3,(anonymous_18)
FNDA:3,(anonymous_19)
FNDA:4,(anonymous_20)
FNDA:4,(anonymous_21)
FNDA:0,(anonymous_22)
DA:1,1
DA:2,1
DA:39,1
DA:40,6
DA:42,6
DA:43,6
DA:44,5
DA:47,5
DA:48,5
DA:49,5
DA:52,5
DA:53,45
DA:54,45
DA:55,20
DA:56,20
DA:57,12
DA:58,12
DA:62,45
DA:63,11
DA:64,1
DA:65,2
DA:79,5
DA:80,40
DA:82,16
DA:83,10
DA:84,2
DA:88,14
DA:90,14
DA:91,0
DA:105,5
DA:106,4
DA:107,1
DA:118,5
DA:119,0
DA:120,0
DA:133,5
DA:134,9
DA:135,0
DA:145,5
DA:146,5
DA:147,5
DA:148,5
DA:149,5
DA:152,5
DA:153,3
DA:154,0
DA:192,5
DA:193,5
DA:195,5
DA:196,5
DA:198,5
DA:199,5
DA:201,5
DA:202,5
DA:203,5
DA:207,5
DA:208,5
DA:211,5
DA:212,5
DA:215,5
DA:220,5
DA:223,5
DA:224,5
DA:227,5
DA:228,4
DA:229,2
DA:230,2
DA:231,2
DA:232,2
DA:233,2
DA:235,2
DA:237,2
DA:238,2
DA:240,2
DA:241,2
DA:243,2
DA:244,2
DA:245,2
DA:246,2
DA:259,5
DA:260,5
DA:263,5
DA:266,6
LF:83
LH:78
BRDA:43,0,0,1
BRDA:43,0,1,5
BRDA:55,1,0,20
BRDA:55,1,1,8
BRDA:56,2,0,12
BRDA:56,2,1,8
BRDA:57,3,0,11
BRDA:57,3,1,1
BRDA:63,4,0,1
BRDA:63,4,1,10
BRDA:67,5,0,2
BRDA:67,5,1,0
BRDA:67,6,0,0
BRDA:67,6,1,0
BRDA:67,7,0,0
BRDA:67,7,1,0
BRDA:67,8,0,0
BRDA:67,8,1,0
BRDA:67,9,0,0
BRDA:67,9,1,0
BRDA:82,10,0,10
BRDA:82,10,1,6
BRDA:82,11,0,16
BRDA:82,11,1,10
BRDA:82,11,2,10
BRDA:83,12,0,2
BRDA:83,12,1,8
BRDA:83,13,0,10
BRDA:83,13,1,10
BRDA:88,14,0,14
BRDA:88,14,1,0
BRDA:90,15,0,0
BRDA:90,15,1,14
BRDA:106,16,0,1
BRDA:106,16,1,3
BRDA:106,17,0,4
BRDA:106,17,1,3
BRDA:119,18,0,0
BRDA:119,18,1,0
BRDA:119,19,0,0
BRDA:119,19,1,0
BRDA:134,20,0,0
BRDA:134,20,1,9
BRDA:134,21,0,9
BRDA:134,21,1,8
BRDA:134,21,2,8
BRDA:153,22,0,0
BRDA:153,22,1,3
BRDA:153,23,0,3
BRDA:153,23,1,3
BRDA:228,24,0,2
BRDA:228,24,1,2
BRDA:228,25,0,4
BRDA:228,25,1,2
BRDA:230,26,0,2
BRDA:230,26,1,0
BRDA:230,27,0,2
BRDA:230,27,1,2
BRDA:243,28,0,2
BRDA:243,28,1,0
BRDA:250,29,0,1
BRDA:250,29,1,1
BRDA:250,30,0,1
BRDA:250,30,1,1
BRF:64
BRH:45
end_of_record
TN:
SF:src\lib\utils\cn.ts
FN:4,cn
FNF:1
FNH:0
FNDA:0,cn
DA:1,1
DA:2,1
DA:4,1
DA:5,0
LF:4
LH:3
BRF:0
BRH:0
end_of_record
TN:
SF:src\lib\utils\dateHelpers.ts
FN:1,(anonymous_0)
FN:16,(anonymous_1)
FN:46,(anonymous_2)
FN:52,(anonymous_3)
FN:66,(anonymous_4)
FNF:5
FNH:3
FNDA:8,(anonymous_0)
FNDA:0,(anonymous_1)
FNDA:0,(anonymous_2)
FNDA:22,(anonymous_3)
FNDA:23,(anonymous_4)
DA:1,3
DA:2,8
DA:3,8
DA:6,8
DA:7,8
DA:9,8
DA:10,8
DA:11,8
DA:13,8
DA:16,3
DA:17,0
DA:20,0
DA:21,0
DA:23,0
DA:25,0
DA:26,0
DA:27,0
DA:28,0
DA:30,0
DA:33,0
DA:40,0
DA:43,0
DA:46,3
DA:47,0
DA:48,0
DA:49,0
DA:50,0
DA:52,3
DA:53,22
DA:54,21
DA:55,21
DA:57,20
DA:58,20
DA:59,20
DA:60,20
DA:61,17
DA:63,20
DA:66,3
DA:67,23
DA:68,22
DA:69,22
DA:71,21
DA:73,21
DA:74,21
DA:76,21
DA:77,1
DA:80,21
DA:81,19
DA:82,19
DA:85,21
LF:50
LH:34
BRDA:16,0,0,0
BRDA:53,1,0,1
BRDA:53,1,1,21
BRDA:55,2,0,1
BRDA:55,2,1,20
BRDA:60,3,0,17
BRDA:60,3,1,3
BRDA:60,4,0,20
BRDA:60,4,1,4
BRDA:60,4,2,2
BRDA:67,5,0,1
BRDA:67,5,1,22
BRDA:69,6,0,1
BRDA:69,6,1,21
BRDA:76,7,0,1
BRDA:76,7,1,20
BRDA:80,8,0,19
BRDA:80,8,1,2
BRF:18
BRH:17
end_of_record
TN:
SF:src\lib\utils\phoneUtils.ts
FN:6,(anonymous_0)
FN:16,(anonymous_1)
FNF:2
FNH:0
FNDA:0,(anonymous_0)
FNDA:0,(anonymous_1)
DA:6,1
DA:7,0
DA:16,1
DA:18,0
DA:19,0
DA:22,0
DA:25,0
DA:26,0
DA:27,0
DA:32,0
DA:33,0
DA:37,0
DA:38,0
DA:42,0
DA:44,0
DA:45,0
DA:48,0
DA:52,0
LF:18
LH:2
BRDA:18,0,0,0
BRDA:18,0,1,0
BRDA:25,1,0,0
BRDA:25,1,1,0
BRDA:25,2,0,0
BRDA:25,2,1,0
BRDA:26,3,0,0
BRDA:26,3,1,0
BRDA:26,4,0,0
BRDA:26,4,1,0
BRDA:32,5,0,0
BRDA:32,5,1,0
BRDA:37,6,0,0
BRDA:37,6,1,0
BRDA:42,7,0,0
BRDA:42,7,1,0
BRDA:44,8,0,0
BRDA:44,8,1,0
BRDA:44,9,0,0
BRDA:44,9,1,0
BRDA:52,10,0,0
BRDA:52,10,1,0
BRF:22
BRH:0
end_of_record
TN:
SF:src\lib\utils\stringUtils.ts
FN:11,(anonymous_0)
FN:38,(anonymous_1)
FN:43,(anonymous_2)
FN:55,(anonymous_3)
FN:58,(anonymous_4)
FNF:5
FNH:0
FNDA:0,(anonymous_0)
FNDA:0,(anonymous_1)
FNDA:0,(anonymous_2)
FNDA:0,(anonymous_3)
FNDA:0,(anonymous_4)
DA:11,0
DA:12,0
DA:14,0
DA:38,0
DA:39,0
DA:43,0
DA:44,0
DA:47,0
DA:55,0
DA:56,0
DA:58,0
DA:60,0
DA:61,0
DA:62,0
DA:64,0
LF:15
LH:0
BRDA:12,0,0,0
BRDA:12,0,1,0
BRDA:39,1,0,0
BRDA:39,1,1,0
BRDA:44,2,0,0
BRDA:44,2,1,0
BRDA:56,3,0,0
BRDA:56,3,1,0
BRDA:61,4,0,0
BRDA:61,4,1,0
BRF:10
BRH:0
end_of_record
TN:
SF:src\lib\utils\zipCodeUtils.ts
FN:8,(anonymous_0)
FNF:1
FNH:0
FNDA:0,(anonymous_0)
DA:8,0
DA:9,0
DA:12,0
DA:14,0
DA:15,0
DA:18,0
LF:6
LH:0
BRDA:9,0,0,0
BRDA:9,0,1,0
BRDA:14,1,0,0
BRDA:14,1,1,0
BRF:4
BRH:0
end_of_record
